 --- Init ---
GBot
 --- Bot used 143 milliseconds ---
-----------------------------------------------------------------------------
 --- Frame #1 ---
7 15 2 
 --- Bot used 33 milliseconds ---
-----------------------------------------------------------------------------
 --- Frame #2 ---
7 15 0 8 15 0 
 --- Bot used 39 milliseconds ---
-----------------------------------------------------------------------------
 --- Frame #3 ---
7 15 0 8 15 0 
 --- Bot used 34 milliseconds ---
-----------------------------------------------------------------------------
 --- Frame #4 ---
7 15 0 8 15 0 
 --- Bot used 34 milliseconds ---
-----------------------------------------------------------------------------
 --- Frame #5 ---
7 15 0 8 15 0 
 --- Bot used 34 milliseconds ---
-----------------------------------------------------------------------------
 --- Frame #6 ---
7 15 0 8 15 0 
 --- Bot used 34 milliseconds ---
-----------------------------------------------------------------------------
 --- Frame #7 ---
7 15 0 8 15 0 
 --- Bot used 35 milliseconds ---
-----------------------------------------------------------------------------
 --- Frame #8 ---
7 15 0 8 15 0 
 --- Bot used 40 milliseconds ---
-----------------------------------------------------------------------------
 --- Frame #9 ---
7 15 0 8 15 0 
 --- Bot used 37 milliseconds ---
-----------------------------------------------------------------------------
 --- Frame #10 ---
7 15 0 8 15 0 
 --- Bot used 35 milliseconds ---
-----------------------------------------------------------------------------
 --- Frame #11 ---
7 15 0 8 15 0 
 --- Bot used 34 milliseconds ---
-----------------------------------------------------------------------------
 --- Frame #12 ---
7 15 0 8 15 0 
 --- Bot used 30 milliseconds ---
-----------------------------------------------------------------------------
 --- Frame #13 ---
7 15 0 8 15 2 
 --- Bot used 13 milliseconds ---
-----------------------------------------------------------------------------
 --- Frame #14 ---
7 15 0 8 15 0 9 15 0 
 --- Bot used 15 milliseconds ---
-----------------------------------------------------------------------------
 --- Frame #15 ---
7 15 0 8 15 0 9 15 0 
 --- Bot used 28 milliseconds ---
-----------------------------------------------------------------------------
 --- Frame #16 ---
7 15 0 8 15 0 9 15 0 
 --- Bot used 34 milliseconds ---
-----------------------------------------------------------------------------
 --- Frame #17 ---
7 15 0 8 15 0 9 15 0 
 --- Bot used 35 milliseconds ---
-----------------------------------------------------------------------------
 --- Frame #18 ---
7 15 1 8 15 0 9 15 0 
 --- Bot used 34 milliseconds ---
-----------------------------------------------------------------------------
 --- Frame #19 ---
7 14 0 7 15 0 8 15 0 9 15 0 
 --- Bot used 34 milliseconds ---
-----------------------------------------------------------------------------
 --- Frame #20 ---
7 14 0 7 15 0 8 15 0 9 15 0 
 --- Bot used 28 milliseconds ---
-----------------------------------------------------------------------------
 --- Frame #21 ---
7 14 0 7 15 0 8 15 0 9 15 0 
 --- Bot used 30 milliseconds ---
-----------------------------------------------------------------------------
 --- Frame #22 ---
7 14 0 7 15 0 8 15 0 9 15 0 
 --- Bot used 39 milliseconds ---
-----------------------------------------------------------------------------
 --- Frame #23 ---
7 14 0 7 15 0 8 15 0 9 15 0 
 --- Bot used 36 milliseconds ---
-----------------------------------------------------------------------------
 --- Frame #24 ---
7 14 0 7 15 0 8 15 0 9 15 0 
 --- Bot used 25 milliseconds ---
-----------------------------------------------------------------------------
 --- Frame #25 ---
7 14 0 7 15 0 8 15 0 9 15 0 
 --- Bot used 39 milliseconds ---
-----------------------------------------------------------------------------
 --- Frame #26 ---
7 14 0 7 15 0 8 15 0 9 15 0 
 --- Bot used 36 milliseconds ---
-----------------------------------------------------------------------------
 --- Frame #27 ---
7 14 0 7 15 0 8 15 0 9 15 0 
 --- Bot used 38 milliseconds ---
-----------------------------------------------------------------------------
 --- Frame #28 ---
7 14 0 7 15 0 8 15 0 9 15 0 
 --- Bot used 23 milliseconds ---
-----------------------------------------------------------------------------
 --- Frame #29 ---
7 14 4 7 15 0 8 15 0 9 15 0 
 --- Bot used 29 milliseconds ---
-----------------------------------------------------------------------------
 --- Frame #30 ---
6 14 0 7 14 0 7 15 0 8 15 0 9 15 0 
 --- Bot used 29 milliseconds ---
-----------------------------------------------------------------------------
 --- Frame #31 ---
6 14 0 7 14 0 7 15 0 8 15 1 9 15 0 
 --- Bot used 36 milliseconds ---
-----------------------------------------------------------------------------
 --- Frame #32 ---
6 14 0 7 14 0 8 14 0 7 15 0 8 15 0 9 15 0 
 --- Bot used 17 milliseconds ---
-----------------------------------------------------------------------------
 --- Frame #33 ---
6 14 0 7 14 0 8 14 0 7 15 0 8 15 0 9 15 0 
 --- Bot used 41 milliseconds ---
-----------------------------------------------------------------------------
 --- Frame #34 ---
6 14 0 7 14 0 8 14 0 7 15 0 8 15 0 9 15 0 
 --- Bot used 39 milliseconds ---
-----------------------------------------------------------------------------
 --- Frame #35 ---
6 14 0 7 14 0 8 14 0 7 15 0 8 15 0 9 15 0 
 --- Bot used 27 milliseconds ---
-----------------------------------------------------------------------------
 --- Frame #36 ---
6 14 0 7 14 0 8 14 0 7 15 0 8 15 0 9 15 0 
 --- Bot used 36 milliseconds ---
-----------------------------------------------------------------------------
 --- Frame #37 ---
6 14 0 7 14 0 8 14 0 7 15 0 8 15 0 9 15 0 
 --- Bot used 29 milliseconds ---
-----------------------------------------------------------------------------
 --- Frame #38 ---
6 14 0 7 14 0 8 14 0 7 15 0 8 15 0 9 15 0 
 --- Bot used 38 milliseconds ---
-----------------------------------------------------------------------------
 --- Frame #39 ---
6 14 0 7 14 0 8 14 0 7 15 0 8 15 0 9 15 0 
 --- Bot used 38 milliseconds ---
-----------------------------------------------------------------------------
 --- Frame #40 ---
6 14 0 7 14 0 8 14 0 7 15 0 8 15 0 9 15 3 
 --- Bot used 39 milliseconds ---
-----------------------------------------------------------------------------
 --- Frame #41 ---
6 14 1 7 14 0 8 14 0 7 15 0 8 15 0 9 15 0 9 16 0 
 --- Bot used 38 milliseconds ---
-----------------------------------------------------------------------------
 --- Frame #42 ---
6 13 0 6 14 0 7 14 1 8 14 0 7 15 0 8 15 0 9 15 0 9 16 0 
 --- Bot used 40 milliseconds ---
-----------------------------------------------------------------------------
 --- Frame #43 ---
6 13 0 7 13 0 6 14 0 7 14 0 8 14 0 7 15 0 8 15 0 9 15 0 9 16 0 
 --- Bot used 39 milliseconds ---
-----------------------------------------------------------------------------
 --- Frame #44 ---
6 13 0 7 13 0 6 14 0 7 14 0 8 14 0 7 15 0 8 15 0 9 15 0 9 16 0 
 --- Bot used 38 milliseconds ---
-----------------------------------------------------------------------------
 --- Frame #45 ---
6 13 0 7 13 0 6 14 0 7 14 0 8 14 0 7 15 4 8 15 0 9 15 0 9 16 0 
 --- Bot used 40 milliseconds ---
-----------------------------------------------------------------------------
 --- Frame #46 ---
6 13 0 7 13 0 6 14 0 7 14 0 8 14 0 6 15 0 7 15 0 8 15 0 9 15 0 9 16 0 
 --- Bot used 36 milliseconds ---
-----------------------------------------------------------------------------
 --- Frame #47 ---
6 13 0 7 13 0 6 14 0 7 14 0 8 14 0 6 15 0 7 15 0 8 15 0 9 15 0 9 16 0 
 --- Bot used 37 milliseconds ---
-----------------------------------------------------------------------------
 --- Frame #48 ---
Traceback (most recent call last):
 --- Bot used 70 milliseconds ---
ERRORED!
Response received (if any):
Traceback (most recent call last):
 --- Bot was killed. Below is the rest of its output (if any): ---
  File "MyBot.py", line 95, in <module>
    moves.append(move(location))
  File "MyBot.py", line 82, in move
    closest_loc = spiral(location)
  File "MyBot.py", line 47, in spiral
    write_log(str(l.x) + '\t' + str(l.y))
UnboundLocalError: local variable 'l' referenced before assignment

 --- End bot output ---