 --- Init ---
GBot
 --- Bot used 185 milliseconds ---
-----------------------------------------------------------------------------
 --- Frame #1 ---
15 7 2 
 --- Bot used 17 milliseconds ---
-----------------------------------------------------------------------------
 --- Frame #2 ---
15 7 0 16 7 0 
 --- Bot used 17 milliseconds ---
-----------------------------------------------------------------------------
 --- Frame #3 ---
15 7 0 16 7 0 
 --- Bot used 18 milliseconds ---
-----------------------------------------------------------------------------
 --- Frame #4 ---
15 7 0 16 7 0 
 --- Bot used 20 milliseconds ---
-----------------------------------------------------------------------------
 --- Frame #5 ---
15 7 0 16 7 0 
 --- Bot used 22 milliseconds ---
-----------------------------------------------------------------------------
 --- Frame #6 ---
15 7 0 16 7 0 
 --- Bot used 19 milliseconds ---
-----------------------------------------------------------------------------
 --- Frame #7 ---
15 7 0 16 7 0 
 --- Bot used 18 milliseconds ---
-----------------------------------------------------------------------------
 --- Frame #8 ---
15 7 0 16 7 0 
 --- Bot used 17 milliseconds ---
-----------------------------------------------------------------------------
 --- Frame #9 ---
15 7 0 16 7 0 
 --- Bot used 17 milliseconds ---
-----------------------------------------------------------------------------
 --- Frame #10 ---
15 7 0 16 7 0 
 --- Bot used 17 milliseconds ---
-----------------------------------------------------------------------------
 --- Frame #11 ---
15 7 0 16 7 0 
 --- Bot used 18 milliseconds ---
-----------------------------------------------------------------------------
 --- Frame #12 ---
15 7 3 16 7 3 
 --- Bot used 22 milliseconds ---
-----------------------------------------------------------------------------
 --- Frame #13 ---
15 7 0 16 7 0 15 8 0 16 8 0 
 --- Bot used 17 milliseconds ---
-----------------------------------------------------------------------------
 --- Frame #14 ---
15 7 0 16 7 0 15 8 0 16 8 0 
 --- Bot used 18 milliseconds ---
-----------------------------------------------------------------------------
 --- Frame #15 ---
15 7 0 16 7 0 15 8 0 16 8 0 
 --- Bot used 17 milliseconds ---
-----------------------------------------------------------------------------
 --- Frame #16 ---
15 7 0 16 7 0 15 8 0 16 8 0 
 --- Bot used 35 milliseconds ---
-----------------------------------------------------------------------------
 --- Frame #17 ---
15 7 0 16 7 0 15 8 0 16 8 0 
 --- Bot used 19 milliseconds ---
-----------------------------------------------------------------------------
 --- Frame #18 ---
15 7 0 16 7 0 15 8 0 16 8 0 
 --- Bot used 21 milliseconds ---
-----------------------------------------------------------------------------
 --- Frame #19 ---
15 7 0 16 7 0 15 8 0 16 8 0 
 --- Bot used 20 milliseconds ---
-----------------------------------------------------------------------------
 --- Frame #20 ---
15 7 0 16 7 0 15 8 0 16 8 0 
 --- Bot used 18 milliseconds ---
-----------------------------------------------------------------------------
 --- Frame #21 ---
15 7 0 16 7 0 15 8 3 16 8 0 
 --- Bot used 19 milliseconds ---
-----------------------------------------------------------------------------
 --- Frame #22 ---
15 7 0 16 7 0 15 8 0 16 8 0 15 9 0 
 --- Bot used 17 milliseconds ---
-----------------------------------------------------------------------------
 --- Frame #23 ---
15 7 0 16 7 0 15 8 0 16 8 0 15 9 0 
 --- Bot used 35 milliseconds ---
-----------------------------------------------------------------------------
 --- Frame #24 ---
15 7 0 16 7 0 15 8 0 16 8 3 15 9 0 
 --- Bot used 35 milliseconds ---
-----------------------------------------------------------------------------
 --- Frame #25 ---
15 7 0 16 7 0 15 8 0 16 8 0 15 9 0 16 9 0 
 --- Bot used 34 milliseconds ---
-----------------------------------------------------------------------------
 --- Frame #26 ---
15 7 0 16 7 0 15 8 0 16 8 0 15 9 0 16 9 0 
 --- Bot used 35 milliseconds ---
-----------------------------------------------------------------------------
 --- Frame #27 ---
15 7 0 16 7 0 15 8 0 16 8 0 15 9 0 16 9 0 
 --- Bot used 25 milliseconds ---
-----------------------------------------------------------------------------
 --- Frame #28 ---
15 7 0 16 7 0 15 8 0 16 8 0 15 9 0 16 9 0 
 --- Bot used 20 milliseconds ---
-----------------------------------------------------------------------------
 --- Frame #29 ---
15 7 0 16 7 0 15 8 0 16 8 0 15 9 4 16 9 0 
 --- Bot used 20 milliseconds ---
-----------------------------------------------------------------------------
 --- Frame #30 ---
15 7 0 16 7 0 15 8 0 16 8 0 14 9 0 15 9 0 16 9 3 
 --- Bot used 21 milliseconds ---
-----------------------------------------------------------------------------
 --- Frame #31 ---
15 7 4 16 7 0 15 8 0 16 8 0 14 9 0 15 9 0 16 9 0 16 10 0 
 --- Bot used 20 milliseconds ---
-----------------------------------------------------------------------------
 --- Frame #32 ---
14 7 0 15 7 0 16 7 0 15 8 0 16 8 0 14 9 0 15 9 0 16 9 0 16 10 0 
 --- Bot used 19 milliseconds ---
-----------------------------------------------------------------------------
 --- Frame #33 ---
14 7 0 15 7 0 16 7 0 15 8 0 16 8 0 14 9 0 15 9 0 16 9 0 16 10 0 
 --- Bot used 22 milliseconds ---
-----------------------------------------------------------------------------
 --- Frame #34 ---
14 7 0 15 7 0 16 7 2 15 8 0 16 8 0 14 9 0 15 9 0 16 9 0 16 10 0 
 --- Bot used 20 milliseconds ---
-----------------------------------------------------------------------------
 --- Frame #35 ---
14 7 0 15 7 0 16 7 0 17 7 0 15 8 0 16 8 0 14 9 0 15 9 0 16 9 0 16 10 2 
 --- Bot used 19 milliseconds ---
-----------------------------------------------------------------------------
 --- Frame #36 ---
14 7 0 15 7 0 16 7 0 17 7 0 15 8 4 16 8 0 14 9 0 15 9 0 16 9 0 16 10 0 17 10 0 
 --- Bot used 21 milliseconds ---
-----------------------------------------------------------------------------
 --- Frame #37 ---
14 7 0 15 7 0 16 7 0 17 7 0 14 8 0 15 8 0 16 8 0 14 9 0 15 9 0 16 9 0 16 10 0 17 10 0 
 --- Bot used 20 milliseconds ---
-----------------------------------------------------------------------------
 --- Frame #38 ---
14 7 0 15 7 0 16 7 0 17 7 0 14 8 0 15 8 0 16 8 0 14 9 0 15 9 0 16 9 0 16 10 0 17 10 0 
 --- Bot used 19 milliseconds ---
-----------------------------------------------------------------------------
 --- Frame #39 ---
14 7 0 15 7 0 16 7 0 17 7 0 14 8 0 15 8 0 16 8 0 14 9 0 15 9 0 16 9 2 16 10 0 17 10 3 
 --- Bot used 22 milliseconds ---
-----------------------------------------------------------------------------
 --- Frame #40 ---
14 7 0 15 7 0 16 7 0 17 7 0 14 8 0 15 8 0 16 8 0 14 9 0 15 9 3 16 9 0 17 9 0 16 10 0 17 10 0 17 11 0 
 --- Bot used 21 milliseconds ---
-----------------------------------------------------------------------------
 --- Frame #41 ---
14 7 0 15 7 0 16 7 0 17 7 0 14 8 0 15 8 0 16 8 0 14 9 0 15 9 0 16 9 0 17 9 0 15 10 0 16 10 0 17 10 0 17 11 0 
 --- Bot used 25 milliseconds ---
-----------------------------------------------------------------------------
 --- Frame #42 ---
Traceback (most recent call last):
 --- Bot used 57 milliseconds ---
ERRORED!
Response received (if any):
Traceback (most recent call last):
 --- Bot was killed. Below is the rest of its output (if any): ---
  File "MyBot.py", line 79, in <module>
    moves.append(move(location))
  File "MyBot.py", line 68, in move
    return move_towards_location(enemy_pos)
TypeError: move_towards_location() missing 1 required positional argument: 'stop'

 --- End bot output ---