 --- Init ---
GBot
 --- Bot used 140 milliseconds ---
-----------------------------------------------------------------------------
 --- Frame #1 ---
7 15 3 
 --- Bot used 38 milliseconds ---
-----------------------------------------------------------------------------
 --- Frame #2 ---
7 15 0 7 16 0 
 --- Bot used 36 milliseconds ---
-----------------------------------------------------------------------------
 --- Frame #3 ---
7 15 0 7 16 0 
 --- Bot used 27 milliseconds ---
-----------------------------------------------------------------------------
 --- Frame #4 ---
7 15 0 7 16 0 
 --- Bot used 38 milliseconds ---
-----------------------------------------------------------------------------
 --- Frame #5 ---
7 15 0 7 16 0 
 --- Bot used 34 milliseconds ---
-----------------------------------------------------------------------------
 --- Frame #6 ---
7 15 0 7 16 0 
 --- Bot used 40 milliseconds ---
-----------------------------------------------------------------------------
 --- Frame #7 ---
7 15 0 7 16 3 
 --- Bot used 39 milliseconds ---
-----------------------------------------------------------------------------
 --- Frame #8 ---
7 15 0 7 16 0 7 17 0 
 --- Bot used 35 milliseconds ---
-----------------------------------------------------------------------------
 --- Frame #9 ---
7 15 0 7 16 0 7 17 0 
 --- Bot used 24 milliseconds ---
-----------------------------------------------------------------------------
 --- Frame #10 ---
7 15 0 7 16 0 7 17 0 
 --- Bot used 18 milliseconds ---
-----------------------------------------------------------------------------
 --- Frame #11 ---
7 15 0 7 16 0 7 17 0 
 --- Bot used 33 milliseconds ---
-----------------------------------------------------------------------------
 --- Frame #12 ---
7 15 0 7 16 0 7 17 0 
 --- Bot used 38 milliseconds ---
-----------------------------------------------------------------------------
 --- Frame #13 ---
7 15 0 7 16 0 7 17 0 
 --- Bot used 34 milliseconds ---
-----------------------------------------------------------------------------
 --- Frame #14 ---
7 15 0 7 16 0 7 17 0 
 --- Bot used 26 milliseconds ---
-----------------------------------------------------------------------------
 --- Frame #15 ---
7 15 0 7 16 0 7 17 0 
 --- Bot used 35 milliseconds ---
-----------------------------------------------------------------------------
 --- Frame #16 ---
7 15 0 7 16 0 7 17 0 
 --- Bot used 26 milliseconds ---
-----------------------------------------------------------------------------
 --- Frame #17 ---
7 15 0 7 16 0 7 17 0 
 --- Bot used 36 milliseconds ---
-----------------------------------------------------------------------------
 --- Frame #18 ---
7 15 0 7 16 0 7 17 0 
 --- Bot used 36 milliseconds ---
-----------------------------------------------------------------------------
 --- Frame #19 ---
7 15 0 7 16 0 7 17 3 
 --- Bot used 27 milliseconds ---
-----------------------------------------------------------------------------
 --- Frame #20 ---
7 15 1 7 16 0 7 17 0 7 18 0 
 --- Bot used 35 milliseconds ---
-----------------------------------------------------------------------------
 --- Frame #21 ---
7 14 0 7 15 0 7 16 2 7 17 0 7 18 0 
 --- Bot used 37 milliseconds ---
-----------------------------------------------------------------------------
 --- Frame #22 ---
7 14 0 7 15 0 7 16 0 8 16 0 7 17 0 7 18 0 
 --- Bot used 33 milliseconds ---
-----------------------------------------------------------------------------
 --- Frame #23 ---
7 14 0 7 15 0 7 16 0 8 16 0 7 17 0 7 18 0 
 --- Bot used 23 milliseconds ---
-----------------------------------------------------------------------------
 --- Frame #24 ---
7 14 0 7 15 0 7 16 0 8 16 0 7 17 0 7 18 0 
 --- Bot used 22 milliseconds ---
-----------------------------------------------------------------------------
 --- Frame #25 ---
7 14 0 7 15 0 7 16 0 8 16 0 7 17 0 7 18 0 
 --- Bot used 20 milliseconds ---
-----------------------------------------------------------------------------
 --- Frame #26 ---
7 14 0 7 15 0 7 16 0 8 16 0 7 17 0 7 18 0 
 --- Bot used 20 milliseconds ---
-----------------------------------------------------------------------------
 --- Frame #27 ---
7 14 0 7 15 0 7 16 0 8 16 0 7 17 0 7 18 0 
 --- Bot used 22 milliseconds ---
-----------------------------------------------------------------------------
 --- Frame #28 ---
7 14 0 7 15 0 7 16 0 8 16 0 7 17 0 7 18 2 
 --- Bot used 36 milliseconds ---
-----------------------------------------------------------------------------
 --- Frame #29 ---
7 14 0 7 15 0 7 16 0 8 16 0 7 17 0 7 18 0 8 18 0 
 --- Bot used 36 milliseconds ---
-----------------------------------------------------------------------------
 --- Frame #30 ---
7 14 0 7 15 0 7 16 0 8 16 0 7 17 0 7 18 0 8 18 0 
 --- Bot used 27 milliseconds ---
-----------------------------------------------------------------------------
 --- Frame #31 ---
7 14 0 7 15 0 7 16 0 8 16 3 7 17 0 7 18 0 8 18 0 
 --- Bot used 36 milliseconds ---
-----------------------------------------------------------------------------
 --- Frame #32 ---
7 14 0 7 15 0 7 16 0 8 16 0 7 17 0 8 17 0 7 18 0 8 18 0 
 --- Bot used 26 milliseconds ---
-----------------------------------------------------------------------------
 --- Frame #33 ---
7 14 0 7 15 0 7 16 0 8 16 0 7 17 0 8 17 0 7 18 0 8 18 0 
 --- Bot used 36 milliseconds ---
-----------------------------------------------------------------------------
 --- Frame #34 ---
7 14 0 7 15 0 7 16 0 8 16 0 7 17 0 8 17 0 7 18 0 8 18 0 
 --- Bot used 36 milliseconds ---
-----------------------------------------------------------------------------
 --- Frame #35 ---
7 14 1 7 15 0 7 16 0 8 16 0 7 17 0 8 17 0 7 18 0 8 18 0 
 --- Bot used 36 milliseconds ---
-----------------------------------------------------------------------------
 --- Frame #36 ---
7 13 0 7 14 0 7 15 0 7 16 0 8 16 0 7 17 0 8 17 0 7 18 0 8 18 3 
 --- Bot used 37 milliseconds ---
-----------------------------------------------------------------------------
 --- Frame #37 ---
7 13 0 7 14 0 7 15 0 7 16 0 8 16 0 7 17 0 8 17 0 7 18 0 8 18 0 8 19 0 
 --- Bot used 39 milliseconds ---
-----------------------------------------------------------------------------
 --- Frame #38 ---
7 13 0 7 14 0 7 15 0 7 16 0 8 16 0 7 17 4 8 17 0 7 18 0 8 18 0 8 19 0 
 --- Bot used 39 milliseconds ---
-----------------------------------------------------------------------------
 --- Frame #39 ---
7 13 0 7 14 0 7 15 2 7 16 4 8 16 0 6 17 0 7 17 0 8 17 0 7 18 0 8 18 0 8 19 0 
 --- Bot used 39 milliseconds ---
-----------------------------------------------------------------------------
 --- Frame #40 ---
7 13 0 7 14 0 7 15 0 8 15 0 6 16 0 7 16 0 8 16 0 6 17 0 7 17 0 8 17 0 7 18 0 8 18 0 8 19 0 
 --- Bot used 36 milliseconds ---
-----------------------------------------------------------------------------
 --- Frame #41 ---
7 13 0 7 14 0 7 15 0 8 15 0 6 16 0 7 16 0 8 16 0 6 17 0 7 17 0 8 17 0 7 18 3 8 18 0 8 19 0 
 --- Bot used 37 milliseconds ---
-----------------------------------------------------------------------------
 --- Frame #42 ---
7 13 0 7 14 0 7 15 0 8 15 0 6 16 0 7 16 0 8 16 0 6 17 0 7 17 0 8 17 2 7 18 0 8 18 0 7 19 0 8 19 0 
 --- Bot used 42 milliseconds ---
-----------------------------------------------------------------------------
 --- Frame #43 ---
7 13 0 7 14 0 7 15 0 8 15 0 6 16 0 7 16 0 8 16 0 6 17 0 7 17 0 8 17 0 9 17 0 7 18 0 8 18 0 7 19 0 8 19 0 
 --- Bot used 39 milliseconds ---
-----------------------------------------------------------------------------
 --- Frame #44 ---
7 13 0 7 14 0 7 15 0 8 15 0 6 16 0 7 16 0 8 16 0 6 17 0 7 17 4 8 17 0 9 17 0 7 18 0 8 18 0 7 19 0 8 19 0 
 --- Bot used 30 milliseconds ---
-----------------------------------------------------------------------------
 --- Frame #45 ---
7 13 0 7 14 0 7 15 0 8 15 0 6 16 0 7 16 4 8 16 0 6 17 0 7 17 0 8 17 0 9 17 0 7 18 0 8 18 0 7 19 0 8 19 0 
 --- Bot used 38 milliseconds ---
-----------------------------------------------------------------------------
 --- Frame #46 ---
7 13 0 7 14 0 7 15 0 8 15 0 6 16 0 7 16 0 8 16 0 6 17 0 7 17 0 8 17 0 9 17 0 7 18 0 8 18 2 7 19 0 8 19 0 
 --- Bot used 37 milliseconds ---
-----------------------------------------------------------------------------
 --- Frame #47 ---
7 13 0 7 14 0 7 15 0 8 15 0 6 16 0 7 16 0 8 16 0 6 17 0 7 17 0 8 17 0 9 17 0 7 18 0 8 18 0 9 18 0 7 19 0 8 19 0 
 --- Bot used 39 milliseconds ---
-----------------------------------------------------------------------------
 --- Frame #48 ---
7 13 0 7 14 0 7 15 0 8 15 0 6 16 0 7 16 0 8 16 2 6 17 0 7 17 0 8 17 4 9 17 0 7 18 0 8 18 0 9 18 0 7 19 0 8 19 0 
 --- Bot used 38 milliseconds ---
-----------------------------------------------------------------------------
 --- Frame #49 ---
7 13 0 7 14 0 7 15 0 8 15 0 6 16 0 7 16 0 8 16 0 9 16 0 6 17 0 7 17 4 8 17 0 9 17 0 7 18 0 8 18 0 9 18 0 7 19 0 8 19 2 
 --- Bot used 39 milliseconds ---
-----------------------------------------------------------------------------
 --- Frame #50 ---
7 13 0 7 14 0 7 15 0 8 15 0 6 16 0 7 16 0 8 16 0 9 16 0 6 17 4 7 17 0 8 17 0 9 17 0 7 18 0 8 18 0 9 18 0 7 19 0 8 19 0 9 19 0 
 --- Bot used 37 milliseconds ---
-----------------------------------------------------------------------------
 --- Frame #51 ---
7 13 0 7 14 0 7 15 0 8 15 0 6 16 0 7 16 4 8 16 0 9 16 0 5 17 0 6 17 0 7 17 0 8 17 0 9 17 0 7 18 0 8 18 0 9 18 0 7 19 0 8 19 0 9 19 0 
 --- Bot used 46 milliseconds ---
-----------------------------------------------------------------------------
 --- Frame #52 ---
7 13 1 7 14 2 7 15 0 8 15 0 6 16 4 7 16 0 8 16 0 9 16 0 5 17 0 6 17 0 7 17 0 8 17 0 9 17 2 7 18 0 8 18 4 9 18 0 7 19 0 8 19 0 9 19 0 
 --- Bot used 45 milliseconds ---
-----------------------------------------------------------------------------
 --- Frame #53 ---
7 12 0 7 13 0 7 14 0 8 14 0 7 15 0 8 15 0 5 16 0 6 16 0 7 16 0 8 16 0 9 16 0 5 17 0 6 17 0 7 17 0 8 17 0 9 17 0 10 17 0 7 18 4 8 18 0 9 18 0 7 19 0 8 19 0 9 19 0 
 --- Bot used 27 milliseconds ---
-----------------------------------------------------------------------------
 --- Frame #54 ---
7 12 0 7 13 0 7 14 0 8 14 0 7 15 0 8 15 0 5 16 0 6 16 0 7 16 0 8 16 4 9 16 0 5 17 0 6 17 0 7 17 0 8 17 4 9 17 0 10 17 0 6 18 0 7 18 0 8 18 0 9 18 0 7 19 0 8 19 0 9 19 0 
 --- Bot used 41 milliseconds ---
-----------------------------------------------------------------------------
 --- Frame #55 ---
7 12 0 7 13 0 7 14 0 8 14 0 7 15 0 8 15 0 5 16 0 6 16 0 7 16 4 8 16 0 9 16 0 5 17 0 6 17 0 7 17 4 8 17 0 9 17 0 10 17 0 6 18 0 7 18 0 8 18 0 9 18 0 7 19 0 8 19 0 9 19 0 
 --- Bot used 43 milliseconds ---
-----------------------------------------------------------------------------
 --- Frame #56 ---
7 12 0 7 13 0 7 14 0 8 14 0 7 15 0 8 15 0 5 16 0 6 16 0 7 16 0 8 16 0 9 16 0 5 17 0 6 17 4 7 17 0 8 17 0 9 17 0 10 17 0 6 18 0 7 18 0 8 18 0 9 18 0 7 19 0 8 19 0 9 19 0 
 --- Bot used 44 milliseconds ---
-----------------------------------------------------------------------------
 --- Frame #57 ---
7 12 0 7 13 0 7 14 0 8 14 0 7 15 0 8 15 0 5 16 0 6 16 0 7 16 0 8 16 0 9 16 0 5 17 3 6 17 0 7 17 0 8 17 0 9 17 0 10 17 0 6 18 0 7 18 0 8 18 0 9 18 2 7 19 0 8 19 0 9 19 0 
 --- Bot used 31 milliseconds ---
-----------------------------------------------------------------------------
 --- Frame #58 ---
7 12 0 7 13 0 7 14 0 8 14 0 7 15 0 8 15 0 5 16 0 6 16 0 7 16 0 8 16 0 9 16 0 5 17 0 6 17 0 7 17 0 8 17 0 9 17 4 10 17 0 5 18 0 6 18 0 7 18 0 8 18 4 9 18 0 10 18 0 7 19 0 8 19 0 9 19 0 
 --- Bot used 28 milliseconds ---
-----------------------------------------------------------------------------
 --- Frame #59 ---
7 12 0 7 13 0 7 14 0 8 14 0 7 15 0 8 15 0 5 16 0 6 16 0 7 16 0 8 16 0 9 16 0 5 17 0 6 17 0 7 17 0 8 17 4 9 17 0 10 17 0 5 18 0 6 18 0 7 18 4 8 18 0 9 18 0 10 18 0 7 19 0 8 19 0 9 19 0 
 --- Bot used 38 milliseconds ---
-----------------------------------------------------------------------------
 --- Frame #60 ---
7 12 0 7 13 0 7 14 0 8 14 0 7 15 0 8 15 2 5 16 0 6 16 0 7 16 0 8 16 4 9 16 2 5 17 0 6 17 0 7 17 4 8 17 0 9 17 0 10 17 1 5 18 0 6 18 3 7 18 0 8 18 0 9 18 0 10 18 0 7 19 0 8 19 0 9 19 0 
 --- Bot used 44 milliseconds ---
-----------------------------------------------------------------------------
 --- Frame #61 ---
7 12 0 7 13 0 7 14 0 8 14 0 7 15 0 8 15 0 9 15 0 5 16 0 6 16 0 7 16 4 8 16 0 9 16 0 10 16 2 5 17 0 6 17 4 7 17 0 8 17 0 9 17 0 10 17 0 5 18 0 6 18 0 7 18 0 8 18 0 9 18 0 10 18 0 6 19 0 7 19 0 8 19 0 9 19 0 
 --- Bot used 46 milliseconds ---
-----------------------------------------------------------------------------
 --- Frame #62 ---
7 12 0 7 13 0 7 14 0 8 14 0 7 15 4 8 15 0 9 15 0 5 16 0 6 16 1 7 16 0 8 16 0 9 16 0 10 16 0 11 16 0 5 17 4 6 17 0 7 17 0 8 17 0 9 17 0 10 17 0 5 18 0 6 18 0 7 18 0 8 18 0 9 18 0 10 18 0 6 19 0 7 19 0 8 19 0 9 19 0 
 --- Bot used 40 milliseconds ---
-----------------------------------------------------------------------------
 --- Frame #63 ---
7 12 0 7 13 0 7 14 0 8 14 0 6 15 1 7 15 0 8 15 0 9 15 0 5 16 0 6 16 0 7 16 0 8 16 0 9 16 0 10 16 0 11 16 0 4 17 4 5 17 0 6 17 0 7 17 0 8 17 0 9 17 0 10 17 0 5 18 0 6 18 0 7 18 0 8 18 0 9 18 4 10 18 0 6 19 0 7 19 0 8 19 0 9 19 0 
 --- Bot used 30 milliseconds ---
-----------------------------------------------------------------------------
 --- Frame #64 ---
7 12 0 7 13 0 6 14 0 7 14 4 8 14 0 6 15 0 7 15 0 8 15 0 9 15 0 5 16 0 6 16 0 7 16 0 8 16 0 9 16 0 10 16 0 11 16 0 3 17 4 4 17 0 5 17 0 6 17 0 7 17 0 8 17 0 9 17 4 10 17 0 5 18 0 6 18 0 7 18 0 8 18 4 9 18 0 10 18 0 6 19 0 7 19 3 8 19 3 9 19 3 
 --- Bot used 45 milliseconds ---
-----------------------------------------------------------------------------
 --- Frame #65 ---
7 12 0 7 13 0 6 14 0 7 14 0 8 14 0 6 15 0 7 15 0 8 15 0 9 15 0 5 16 0 6 16 0 7 16 0 8 16 0 9 16 0 10 16 0 11 16 0 2 17 0 3 17 0 4 17 0 5 17 0 6 17 0 7 17 0 8 17 4 9 17 0 10 17 0 5 18 0 6 18 0 7 18 4 8 18 0 9 18 0 10 18 0 6 19 0 7 19 0 8 19 0 9 19 0 7 20 0 8 20 0 9 20 0 
 --- Bot used 50 milliseconds ---
-----------------------------------------------------------------------------
 --- Frame #66 ---
7 12 0 7 13 0 6 14 0 7 14 0 8 14 0 6 15 0 7 15 0 8 15 4 9 15 0 5 16 0 6 16 0 7 16 0 8 16 4 9 16 4 10 16 0 11 16 2 2 17 0 3 17 0 4 17 0 5 17 0 6 17 0 7 17 4 8 17 0 9 17 0 10 17 0 5 18 0 6 18 4 7 18 0 8 18 0 9 18 0 10 18 0 6 19 0 7 19 0 8 19 0 9 19 0 7 20 0 8 20 0 9 20 0 
 --- Bot used 50 milliseconds ---
-----------------------------------------------------------------------------
 --- Frame #67 ---
7 12 0 7 13 0 6 14 0 7 14 0 8 14 0 6 15 0 7 15 4 8 15 0 9 15 0 5 16 0 6 16 0 7 16 4 8 16 4 9 16 0 10 16 0 11 16 0 12 16 0 2 17 0 3 17 0 4 17 0 5 17 0 6 17 4 7 17 0 8 17 0 9 17 0 10 17 0 5 18 3 6 18 0 7 18 0 8 18 0 9 18 0 10 18 2 6 19 0 7 19 0 8 19 0 9 19 0 7 20 0 8 20 0 9 20 0 
 --- Bot used 42 milliseconds ---
-----------------------------------------------------------------------------
 --- Frame #68 ---
7 12 0 7 13 0 6 14 0 7 14 0 8 14 0 6 15 0 7 15 0 8 15 0 9 15 0 5 16 0 6 16 4 7 16 4 8 16 0 9 16 0 10 16 0 11 16 0 12 16 0 2 17 0 3 17 0 4 17 0 5 17 4 6 17 0 7 17 0 8 17 0 9 17 0 10 17 0 5 18 0 6 18 0 7 18 0 8 18 0 9 18 0 10 18 0 11 18 0 5 19 0 6 19 0 7 19 0 8 19 0 9 19 0 7 20 0 8 20 0 9 20 0 
 --- Bot used 35 milliseconds ---
-----------------------------------------------------------------------------
 --- Frame #69 ---
7 12 0 7 13 0 6 14 0 7 14 0 8 14 0 6 15 0 7 15 0 8 15 0 9 15 0 5 16 4 6 16 4 7 16 0 8 16 0 9 16 0 10 16 0 11 16 0 12 16 0 2 17 0 3 17 0 4 17 3 5 17 0 6 17 0 7 17 0 8 17 0 9 17 0 10 17 2 5 18 0 6 18 0 7 18 0 8 18 0 9 18 4 10 18 0 11 18 0 5 19 0 6 19 0 7 19 0 8 19 0 9 19 0 7 20 0 8 20 0 9 20 0 
 --- Bot used 45 milliseconds ---
-----------------------------------------------------------------------------
 --- Frame #70 ---
7 12 0 7 13 0 6 14 1 7 14 4 8 14 0 6 15 0 7 15 0 8 15 0 9 15 0 4 16 4 5 16 0 6 16 0 7 16 0 8 16 0 9 16 0 10 16 0 11 16 0 12 16 0 2 17 1 3 17 0 4 17 0 5 17 0 6 17 0 7 17 0 8 17 0 9 17 4 10 17 0 11 17 0 4 18 4 5 18 0 6 18 0 7 18 0 8 18 4 9 18 0 10 18 0 11 18 0 5 19 0 6 19 0 7 19 4 8 19 4 9 19 0 7 20 0 8 20 0 9 20 0 
 --- Bot used 75 milliseconds ---
-----------------------------------------------------------------------------
 --- Frame #71 ---
7 12 0 6 13 0 7 13 0 6 14 0 7 14 0 8 14 0 6 15 0 7 15 0 8 15 0 9 15 0 2 16 0 3 16 1 4 16 0 5 16 0 6 16 0 7 16 0 8 16 0 9 16 0 10 16 0 11 16 0 12 16 1 2 17 0 3 17 4 4 17 0 5 17 0 6 17 0 7 17 0 8 17 4 9 17 0 10 17 0 11 17 0 3 18 4 4 18 0 5 18 0 6 18 0 7 18 4 8 18 0 9 18 0 10 18 0 11 18 0 5 19 0 6 19 0 7 19 4 8 19 0 9 19 0 7 20 0 8 20 0 9 20 0 
 --- Bot used 44 milliseconds ---
-----------------------------------------------------------------------------
 --- Frame #72 ---
7 12 0 6 13 0 7 13 0 6 14 0 7 14 0 8 14 0 3 15 4 6 15 0 7 15 0 8 15 4 9 15 0 12 15 0 2 16 0 3 16 0 4 16 0 5 16 0 6 16 0 7 16 0 8 16 0 9 16 4 10 16 0 11 16 0 12 16 0 2 17 4 3 17 0 4 17 0 5 17 0 6 17 0 7 17 4 8 17 0 9 17 0 10 17 0 11 17 0 2 18 0 3 18 0 4 18 0 5 18 0 6 18 4 7 18 0 8 18 0 9 18 0 10 18 0 11 18 0 5 19 4 6 19 3 7 19 0 8 19 0 9 19 0 7 20 0 8 20 0 9 20 0 
 --- Bot used 45 milliseconds ---
-----------------------------------------------------------------------------
 --- Frame #73 ---
7 12 0 6 13 0 7 13 0 6 14 0 7 14 0 8 14 0 2 15 0 3 15 0 6 15 0 7 15 4 8 15 0 9 15 0 12 15 0 2 16 0 3 16 0 4 16 0 5 16 0 6 16 0 7 16 0 8 16 4 9 16 0 10 16 1 11 16 0 12 16 0 1 17 0 2 17 0 3 17 0 4 17 0 5 17 0 6 17 4 7 17 0 8 17 0 9 17 0 10 17 0 11 17 0 2 18 0 3 18 0 4 18 0 5 18 4 6 18 0 7 18 0 8 18 0 9 18 0 10 18 0 11 18 0 4 19 0 5 19 0 6 19 0 7 19 0 8 19 0 9 19 0 6 20 0 7 20 0 8 20 0 9 20 0 
 --- Bot used 46 milliseconds ---
-----------------------------------------------------------------------------
 --- Frame #74 ---
7 12 4 6 13 0 7 13 2 6 14 0 7 14 0 8 14 1 2 15 0 3 15 0 6 15 4 7 15 0 8 15 0 9 15 0 10 15 0 12 15 0 2 16 0 3 16 0 4 16 0 5 16 0 6 16 0 7 16 4 8 16 0 9 16 0 10 16 0 11 16 0 12 16 0 1 17 0 2 17 0 3 17 0 4 17 0 5 17 4 6 17 0 7 17 0 8 17 0 9 17 0 10 17 0 11 17 0 2 18 0 3 18 0 4 18 4 5 18 0 6 18 0 7 18 0 8 18 0 9 18 0 10 18 0 11 18 0 4 19 0 5 19 0 6 19 0 7 19 0 8 19 0 9 19 0 6 20 0 7 20 0 8 20 0 9 20 0 
 --- Bot used 29 milliseconds ---
-----------------------------------------------------------------------------
 --- Frame #75 ---
6 12 0 7 12 0 6 13 0 7 13 0 8 13 1 6 14 0 7 14 0 8 14 0 2 15 0 3 15 0 5 15 0 6 15 0 7 15 0 8 15 0 9 15 0 10 15 0 12 15 0 2 16 0 3 16 0 4 16 0 5 16 4 6 16 4 7 16 0 8 16 0 9 16 0 10 16 0 11 16 1 12 16 0 1 17 0 2 17 0 3 17 0 4 17 4 5 17 0 6 17 0 7 17 0 8 17 0 9 17 0 10 17 4 11 17 0 2 18 0 3 18 3 4 18 0 5 18 0 6 18 0 7 18 0 8 18 0 9 18 4 10 18 0 11 18 2 4 19 0 5 19 0 6 19 0 7 19 0 8 19 0 9 19 0 6 20 0 7 20 0 8 20 0 9 20 0 
 --- Bot used 34 milliseconds ---
-----------------------------------------------------------------------------
 --- Frame #76 ---
6 12 0 7 12 0 8 12 0 6 13 0 7 13 0 8 13 0 6 14 0 7 14 4 8 14 0 2 15 0 3 15 0 5 15 0 6 15 0 7 15 0 8 15 0 9 15 0 10 15 0 11 15 0 12 15 0 2 16 4 3 16 0 4 16 0 5 16 4 6 16 0 7 16 0 8 16 0 9 16 0 10 16 0 11 16 0 12 16 0 1 17 1 2 17 0 3 17 4 4 17 0 5 17 0 6 17 0 7 17 0 8 17 0 9 17 4 10 17 0 11 17 2 2 18 4 3 18 0 4 18 0 5 18 0 6 18 0 7 18 0 8 18 4 9 18 0 10 18 0 11 18 0 12 18 0 3 19 3 4 19 0 5 19 0 6 19 0 7 19 0 8 19 4 9 19 0 6 20 0 7 20 0 8 20 0 9 20 0 
 --- Bot used 37 milliseconds ---
-----------------------------------------------------------------------------
 --- Frame #77 ---
6 12 0 7 12 0 8 12 0 6 13 0 7 13 0 8 13 0 6 14 0 7 14 0 8 14 0 2 15 1 3 15 0 5 15 0 6 15 0 7 15 0 8 15 0 9 15 0 10 15 0 11 15 0 12 15 0 1 16 1 2 16 0 3 16 4 4 16 1 5 16 0 6 16 0 7 16 0 8 16 0 9 16 0 10 16 0 11 16 0 12 16 0 1 17 0 2 17 4 3 17 0 4 17 0 5 17 0 6 17 0 7 17 0 8 17 4 9 17 0 10 17 0 11 17 0 12 17 0 1 18 0 2 18 0 3 18 0 4 18 0 5 18 0 6 18 0 7 18 4 8 18 0 9 18 0 10 18 0 11 18 0 12 18 0 3 19 0 4 19 0 5 19 0 6 19 0 7 19 4 8 19 0 9 19 0 3 20 4 6 20 0 7 20 0 8 20 0 9 20 0 
 --- Bot used 39 milliseconds ---
-----------------------------------------------------------------------------
 --- Frame #78 ---
6 12 0 7 12 0 8 12 0 6 13 0 7 13 0 8 13 0 2 14 0 6 14 0 7 14 0 8 14 0 1 15 0 2 15 0 3 15 0 4 15 1 5 15 0 6 15 0 7 15 0 8 15 4 9 15 0 10 15 0 11 15 0 12 15 0 1 16 0 2 16 4 3 16 0 4 16 0 5 16 0 6 16 0 7 16 0 8 16 0 9 16 4 10 16 0 11 16 0 12 16 2 1 17 4 2 17 0 3 17 0 4 17 0 5 17 0 6 17 0 7 17 4 8 17 0 9 17 0 10 17 0 11 17 0 12 17 0 1 18 0 2 18 0 3 18 0 4 18 0 5 18 0 6 18 4 7 18 0 8 18 0 9 18 0 10 18 0 11 18 0 12 18 0 3 19 0 4 19 0 5 19 0 6 19 4 7 19 0 8 19 0 9 19 0 2 20 0 3 20 0 6 20 0 7 20 0 8 20 0 9 20 0 
 --- Bot used 37 milliseconds ---
-----------------------------------------------------------------------------
 --- Frame #79 ---
6 12 0 7 12 0 8 12 0 6 13 0 7 13 0 8 13 0 2 14 0 4 14 0 6 14 0 7 14 0 8 14 0 1 15 0 2 15 0 3 15 0 4 15 0 5 15 0 6 15 0 7 15 4 8 15 0 9 15 0 10 15 0 11 15 0 12 15 1 1 16 4 2 16 0 3 16 0 4 16 0 5 16 0 6 16 0 7 16 0 8 16 4 9 16 0 10 16 4 11 16 0 12 16 0 13 16 0 0 17 4 1 17 0 2 17 0 3 17 0 4 17 0 5 17 0 6 17 4 7 17 0 8 17 0 9 17 0 10 17 0 11 17 0 12 17 0 1 18 0 2 18 0 3 18 0 4 18 0 5 18 4 6 18 0 7 18 0 8 18 0 9 18 0 10 18 0 11 18 0 12 18 0 3 19 0 4 19 0 5 19 0 6 19 0 7 19 0 8 19 0 9 19 0 2 20 4 3 20 0 6 20 0 7 20 0 8 20 0 9 20 0 
 --- Bot used 35 milliseconds ---
-----------------------------------------------------------------------------
 --- Frame #80 ---
6 12 0 7 12 0 8 12 0 6 13 0 7 13 4 8 13 0 2 14 0 4 14 0 6 14 0 7 14 0 8 14 0 12 14 0 1 15 0 2 15 0 3 15 0 4 15 0 5 15 0 6 15 4 7 15 0 8 15 0 9 15 0 10 15 0 11 15 0 12 15 0 0 16 0 1 16 0 2 16 0 3 16 0 4 16 0 5 16 0 6 16 0 7 16 4 8 16 0 9 16 4 10 16 0 11 16 0 12 16 0 13 16 0 0 17 0 1 17 0 2 17 0 3 17 0 4 17 0 5 17 4 6 17 0 7 17 0 8 17 0 9 17 0 10 17 0 11 17 0 12 17 0 29 17 1 1 18 0 2 18 0 3 18 0 4 18 4 5 18 0 6 18 0 7 18 0 8 18 0 9 18 0 10 18 3 11 18 0 12 18 2 3 19 0 4 19 0 5 19 0 6 19 0 7 19 0 8 19 0 9 19 0 1 20 0 2 20 0 3 20 0 6 20 0 7 20 0 8 20 0 9 20 0 
 --- Bot used 40 milliseconds ---
-----------------------------------------------------------------------------
 --- Frame #81 ---
6 12 0 7 12 0 8 12 0 6 13 0 7 13 0 8 13 0 2 14 1 4 14 0 6 14 0 7 14 0 8 14 0 12 14 0 1 15 0 2 15 0 3 15 0 4 15 0 5 15 0 6 15 0 7 15 0 8 15 0 9 15 1 10 15 0 11 15 0 12 15 0 0 16 0 1 16 0 2 16 0 3 16 0 4 16 0 5 16 0 6 16 4 7 16 0 8 16 4 9 16 0 10 16 0 11 16 4 12 16 0 13 16 0 29 16 1 0 17 0 1 17 0 2 17 0 3 17 0 4 17 4 5 17 0 6 17 0 7 17 0 8 17 0 9 17 0 10 17 4 11 17 0 12 17 2 29 17 0 1 18 3 2 18 0 3 18 4 4 18 0 5 18 0 6 18 0 7 18 0 8 18 0 9 18 4 10 18 0 11 18 0 12 18 0 13 18 0 3 19 0 4 19 0 5 19 0 6 19 0 7 19 0 8 19 0 9 19 4 10 19 0 1 20 0 2 20 0 3 20 0 6 20 0 7 20 0 8 20 0 9 20 0 
 --- Bot used 61 milliseconds ---
-----------------------------------------------------------------------------
 --- Frame #82 ---
6 12 0 7 12 0 8 12 0 2 13 0 6 13 0 7 13 0 8 13 0 2 14 0 4 14 0 6 14 0 7 14 4 8 14 4 9 14 0 12 14 0 1 15 0 2 15 0 3 15 0 4 15 0 5 15 0 6 15 0 7 15 0 8 15 0 9 15 0 10 15 0 11 15 0 12 15 0 29 15 0 0 16 0 1 16 0 2 16 0 3 16 0 4 16 0 5 16 4 6 16 0 7 16 4 8 16 0 9 16 0 10 16 4 11 16 0 12 16 0 13 16 0 29 16 0 0 17 0 1 17 0 2 17 0 3 17 4 4 17 0 5 17 0 6 17 0 7 17 0 8 17 0 9 17 4 10 17 0 11 17 4 12 17 0 13 17 0 29 17 0 1 18 0 2 18 3 3 18 0 4 18 0 5 18 0 6 18 0 7 18 0 8 18 4 9 18 0 10 18 0 11 18 0 12 18 0 13 18 0 1 19 0 3 19 0 4 19 0 5 19 0 6 19 0 7 19 0 8 19 4 9 19 0 10 19 0 1 20 4 2 20 0 3 20 0 6 20 0 7 20 0 8 20 0 9 20 0 
 --- Bot used 35 milliseconds ---
-----------------------------------------------------------------------------
 --- Frame #83 ---
6 12 0 7 12 0 8 12 0 2 13 0 6 13 0 7 13 0 8 13 0 2 14 0 4 14 0 6 14 4 7 14 4 8 14 0 9 14 0 12 14 0 1 15 1 2 15 4 3 15 1 4 15 0 5 15 0 6 15 0 7 15 0 8 15 0 9 15 0 10 15 0 11 15 0 12 15 0 29 15 2 0 16 0 1 16 0 2 16 0 3 16 4 4 16 4 5 16 0 6 16 4 7 16 0 8 16 0 9 16 4 10 16 0 11 16 0 12 16 0 13 16 0 29 16 0 0 17 0 1 17 0 2 17 4 3 17 0 4 17 0 5 17 0 6 17 0 7 17 0 8 17 4 9 17 0 10 17 4 11 17 0 12 17 0 13 17 0 29 17 0 1 18 0 2 18 0 3 18 0 4 18 0 5 18 0 6 18 0 7 18 4 8 18 0 9 18 0 10 18 0 11 18 0 12 18 0 13 18 0 1 19 0 2 19 4 3 19 4 4 19 0 5 19 0 6 19 0 7 19 4 8 19 0 9 19 0 10 19 0 0 20 0 1 20 0 2 20 0 3 20 0 6 20 0 7 20 0 8 20 0 9 20 0 
 --- Bot used 63 milliseconds ---
-----------------------------------------------------------------------------
 --- Frame #84 ---
6 12 0 7 12 0 8 12 0 2 13 0 6 13 0 7 13 0 8 13 0 1 14 0 2 14 0 3 14 0 4 14 0 5 14 0 6 14 4 7 14 0 8 14 0 9 14 0 12 14 0 0 15 0 1 15 4 2 15 0 3 15 0 4 15 4 5 15 4 6 15 0 7 15 0 8 15 4 9 15 0 10 15 0 11 15 0 12 15 0 29 15 0 0 16 4 1 16 0 2 16 4 3 16 4 4 16 0 5 16 4 6 16 0 7 16 0 8 16 4 9 16 0 10 16 0 11 16 0 12 16 4 13 16 1 29 16 0 0 17 0 1 17 4 2 17 0 3 17 0 4 17 0 5 17 0 6 17 0 7 17 4 8 17 0 9 17 4 10 17 0 11 17 0 12 17 0 13 17 0 29 17 0 1 18 0 2 18 0 3 18 0 4 18 0 5 18 0 6 18 4 7 18 0 8 18 0 9 18 0 10 18 0 11 18 0 12 18 0 13 18 0 1 19 4 2 19 4 3 19 0 4 19 0 5 19 0 6 19 4 7 19 0 8 19 0 9 19 0 10 19 0 0 20 0 1 20 0 2 20 0 3 20 0 6 20 0 7 20 0 8 20 0 9 20 0 
 --- Bot used 62 milliseconds ---
-----------------------------------------------------------------------------
 --- Frame #85 ---
6 12 0 7 12 0 8 12 0 2 13 1 6 13 0 7 13 0 8 13 0 1 14 0 2 14 0 3 14 0 4 14 0 5 14 0 6 14 0 7 14 0 8 14 0 9 14 0 12 14 0 0 15 0 1 15 0 2 15 0 3 15 4 4 15 4 5 15 0 6 15 0 7 15 4 8 15 0 9 15 0 10 15 0 11 15 0 12 15 4 13 15 0 29 15 0 0 16 0 1 16 4 2 16 4 3 16 0 4 16 4 5 16 0 6 16 0 7 16 4 8 16 0 9 16 0 10 16 0 11 16 4 12 16 0 13 16 0 29 16 4 0 17 3 1 17 0 2 17 0 3 17 0 4 17 0 5 17 0 6 17 4 7 17 0 8 17 4 9 17 0 10 17 0 11 17 0 12 17 0 13 17 0 29 17 0 1 18 0 2 18 0 3 18 0 4 18 0 5 18 4 6 18 0 7 18 0 8 18 0 9 18 0 10 18 0 11 18 0 12 18 0 13 18 0 0 19 4 1 19 0 2 19 0 3 19 0 4 19 0 5 19 3 6 19 0 7 19 0 8 19 0 9 19 0 10 19 0 0 20 0 1 20 0 2 20 0 3 20 0 6 20 0 7 20 0 8 20 0 9 20 0 
 --- Bot used 58 milliseconds ---
-----------------------------------------------------------------------------
 --- Frame #86 ---
2 12 0 6 12 0 7 12 0 8 12 0 2 13 0 6 13 0 7 13 4 8 13 0 1 14 0 2 14 0 3 14 0 4 14 0 5 14 0 6 14 0 7 14 0 8 14 0 9 14 0 12 14 0 0 15 0 1 15 0 2 15 4 3 15 4 4 15 0 5 15 0 6 15 4 7 15 0 8 15 0 9 15 0 10 15 0 11 15 1 12 15 0 13 15 0 29 15 0 0 16 4 1 16 4 2 16 0 3 16 4 4 16 0 5 16 0 6 16 4 7 16 0 8 16 0 9 16 0 10 16 4 11 16 0 12 16 0 13 16 0 28 16 0 29 16 0 0 17 0 1 17 0 2 17 0 3 17 0 4 17 0 5 17 4 6 17 0 7 17 4 8 17 0 9 17 0 10 17 0 11 17 0 12 17 0 13 17 0 29 17 0 0 18 4 1 18 0 2 18 0 3 18 0 4 18 4 5 18 0 6 18 0 7 18 0 8 18 0 9 18 0 10 18 4 11 18 3 12 18 0 13 18 2 0 19 0 1 19 0 2 19 0 3 19 0 4 19 0 5 19 0 6 19 0 7 19 0 8 19 0 9 19 0 10 19 0 29 19 3 0 20 3 1 20 0 2 20 0 3 20 0 5 20 3 6 20 0 7 20 0 8 20 0 9 20 0 
 --- Bot used 53 milliseconds ---
-----------------------------------------------------------------------------
 --- Frame #87 ---
2 12 0 6 12 0 7 12 0 8 12 0 2 13 0 6 13 4 7 13 0 8 13 0 1 14 0 2 14 4 3 14 0 4 14 0 5 14 0 6 14 0 7 14 0 8 14 0 9 14 0 11 14 0 12 14 0 0 15 0 1 15 4 2 15 4 3 15 0 4 15 0 5 15 4 6 15 0 7 15 0 8 15 0 9 15 4 10 15 0 11 15 0 12 15 0 13 15 0 29 15 0 0 16 4 1 16 0 2 16 4 3 16 0 4 16 0 5 16 4 6 16 0 7 16 0 8 16 0 9 16 4 10 16 0 11 16 0 12 16 0 13 16 0 28 16 0 29 16 4 0 17 0 1 17 0 2 17 0 3 17 0 4 17 4 5 17 0 6 17 4 7 17 0 8 17 0 9 17 0 10 17 0 11 17 0 12 17 4 13 17 0 29 17 0 0 18 0 1 18 4 2 18 0 3 18 4 4 18 0 5 18 0 6 18 0 7 18 0 8 18 0 9 18 4 10 18 0 11 18 0 12 18 0 13 18 0 14 18 0 29 18 4 0 19 0 1 19 4 2 19 0 3 19 0 4 19 0 5 19 0 6 19 0 7 19 0 8 19 0 9 19 4 10 19 0 11 19 0 29 19 0 0 20 0 1 20 3 2 20 3 3 20 0 5 20 0 6 20 0 7 20 0 8 20 0 9 20 2 29 20 3 0 21 0 5 21 0 
 --- Bot used 51 milliseconds ---
-----------------------------------------------------------------------------
 --- Frame #88 ---
2 12 0 6 12 0 7 12 0 8 12 0 2 13 0 5 13 0 6 13 0 7 13 0 8 13 0 1 14 1 2 14 0 3 14 0 4 14 0 5 14 4 6 14 0 7 14 0 8 14 4 9 14 0 11 14 0 12 14 0 0 15 1 1 15 4 2 15 0 3 15 0 4 15 4 5 15 0 6 15 0 7 15 0 8 15 4 9 15 0 10 15 0 11 15 0 12 15 0 13 15 0 29 15 0 0 16 0 1 16 4 2 16 0 3 16 0 4 16 4 5 16 0 6 16 0 7 16 0 8 16 4 9 16 0 10 16 0 11 16 0 12 16 0 13 16 0 28 16 1 29 16 4 0 17 0 1 17 0 2 17 0 3 17 4 4 17 0 5 17 4 6 17 0 7 17 0 8 17 0 9 17 0 10 17 0 11 17 4 12 17 0 13 17 0 29 17 4 0 18 4 1 18 0 2 18 4 3 18 0 4 18 0 5 18 0 6 18 0 7 18 0 8 18 4 9 18 0 10 18 0 11 18 0 12 18 3 13 18 0 14 18 0 28 18 4 29 18 0 0 19 4 1 19 0 2 19 0 3 19 0 4 19 0 5 19 0 6 19 0 7 19 0 8 19 4 9 19 0 10 19 4 11 19 0 29 19 0 0 20 0 1 20 0 2 20 0 3 20 0 5 20 0 6 20 0 7 20 0 8 20 0 9 20 0 10 20 0 29 20 0 0 21 0 1 21 0 2 21 0 5 21 0 29 21 3 
 --- Bot used 59 milliseconds ---
-----------------------------------------------------------------------------
 --- Frame #89 ---
2 12 0 6 12 0 7 12 0 8 12 0 1 13 1 2 13 0 5 13 0 6 13 0 7 13 0 8 13 0 0 14 0 1 14 0 2 14 0 3 14 0 4 14 1 5 14 0 6 14 0 7 14 4 8 14 0 9 14 0 11 14 0 12 14 0 0 15 4 1 15 0 2 15 0 3 15 4 4 15 0 5 15 0 6 15 0 7 15 4 8 15 0 9 15 0 10 15 0 11 15 0 12 15 0 13 15 0 28 15 0 29 15 0 0 16 4 1 16 0 2 16 0 3 16 4 4 16 0 5 16 0 6 16 0 7 16 4 8 16 0 9 16 0 10 16 0 11 16 0 12 16 0 13 16 0 28 16 4 29 16 0 0 17 0 1 17 0 2 17 4 3 17 0 4 17 4 5 17 0 6 17 0 7 17 0 8 17 0 9 17 0 10 17 4 11 17 0 12 17 0 13 17 0 28 17 0 29 17 0 0 18 0 1 18 4 2 18 0 3 18 0 4 18 0 5 18 0 6 18 0 7 18 4 8 18 0 9 18 0 10 18 0 11 18 0 12 18 0 13 18 0 14 18 0 27 18 4 28 18 0 29 18 4 0 19 0 1 19 0 2 19 0 3 19 4 4 19 0 5 19 0 6 19 0 7 19 4 8 19 0 9 19 4 10 19 0 11 19 0 12 19 0 29 19 4 0 20 0 1 20 0 2 20 0 3 20 0 5 20 0 6 20 0 7 20 0 8 20 0 9 20 0 10 20 0 29 20 0 0 21 0 1 21 0 2 21 0 5 21 0 29 21 0 29 22 2 
 --- Bot used 62 milliseconds ---
-----------------------------------------------------------------------------
 --- Frame #90 ---
1 12 0 2 12 0 6 12 4 7 12 0 8 12 0 1 13 0 2 13 0 4 13 1 5 13 0 6 13 0 7 13 0 8 13 0 0 14 0 1 14 0 2 14 0 3 14 1 4 14 0 5 14 0 6 14 4 7 14 0 8 14 0 9 14 0 11 14 0 12 14 0 0 15 0 1 15 0 2 15 4 3 15 0 4 15 0 5 15 0 6 15 4 7 15 0 8 15 0 9 15 0 10 15 0 11 15 0 12 15 0 13 15 0 28 15 0 29 15 1 0 16 0 1 16 0 2 16 4 3 16 0 4 16 0 5 16 0 6 16 4 7 16 0 8 16 0 9 16 0 10 16 0 11 16 0 12 16 4 13 16 0 27 16 1 28 16 0 29 16 4 0 17 0 1 17 4 2 17 0 3 17 4 4 17 0 5 17 0 6 17 0 7 17 0 8 17 0 9 17 4 10 17 0 11 17 0 12 17 0 13 17 2 28 17 0 29 17 0 0 18 4 1 18 0 2 18 0 3 18 0 4 18 0 5 18 0 6 18 4 7 18 0 8 18 0 9 18 0 10 18 0 11 18 0 12 18 0 13 18 0 14 18 0 26 18 4 27 18 0 28 18 4 29 18 0 0 19 0 1 19 0 2 19 4 3 19 0 4 19 0 5 19 0 6 19 4 7 19 0 8 19 4 9 19 0 10 19 0 11 19 0 12 19 0 28 19 4 29 19 0 0 20 0 1 20 0 2 20 0 3 20 3 5 20 0 6 20 0 7 20 0 8 20 0 9 20 0 10 20 0 29 20 0 0 21 0 1 21 0 2 21 0 5 21 0 29 21 0 0 22 2 29 22 0 
 --- Bot used 68 milliseconds ---
-----------------------------------------------------------------------------
 --- Frame #91 ---
1 12 0 2 12 0 4 12 0 5 12 0 6 12 0 7 12 0 8 12 0 1 13 0 2 13 4 3 13 0 4 13 0 5 13 4 6 13 0 7 13 0 8 13 0 0 14 0 1 14 0 2 14 0 3 14 0 4 14 0 5 14 4 6 14 0 7 14 0 8 14 0 9 14 0 11 14 0 12 14 0 29 14 0 0 15 0 1 15 4 2 15 0 3 15 0 4 15 0 5 15 4 6 15 0 7 15 0 8 15 0 9 15 0 10 15 1 11 15 0 12 15 4 13 15 0 27 15 0 28 15 0 29 15 0 0 16 0 1 16 4 2 16 0 3 16 0 4 16 0 5 16 4 6 16 0 7 16 0 8 16 0 9 16 0 10 16 0 11 16 4 12 16 0 13 16 0 27 16 0 28 16 4 29 16 0 0 17 4 1 17 0 2 17 4 3 17 0 4 17 0 5 17 0 6 17 0 7 17 0 8 17 4 9 17 0 10 17 0 11 17 0 12 17 0 13 17 0 14 17 0 28 17 0 29 17 0 0 18 0 1 18 0 2 18 0 3 18 0 4 18 0 5 18 4 6 18 0 7 18 0 8 18 0 9 18 0 10 18 0 11 18 0 12 18 0 13 18 0 14 18 0 25 18 3 26 18 0 27 18 1 28 18 0 29 18 4 0 19 0 1 19 4 2 19 0 3 19 0 4 19 0 5 19 4 6 19 0 7 19 4 8 19 0 9 19 0 10 19 0 11 19 0 12 19 0 27 19 0 28 19 0 29 19 0 0 20 0 1 20 0 2 20 0 3 20 0 5 20 0 6 20 0 7 20 0 8 20 0 9 20 0 10 20 0 29 20 0 0 21 4 1 21 0 2 21 0 3 21 0 5 21 0 29 21 0 0 22 0 1 22 0 29 22 0 
 --- Bot used 71 milliseconds ---
-----------------------------------------------------------------------------
 --- Frame #92 ---
1 12 0 2 12 0 4 12 0 5 12 0 6 12 0 7 12 0 8 12 0 1 13 0 2 13 0 3 13 0 4 13 4 5 13 0 6 13 0 7 13 4 8 13 0 0 14 1 1 14 0 2 14 0 3 14 0 4 14 4 5 14 0 6 14 0 7 14 0 8 14 0 9 14 0 10 14 0 11 14 0 12 14 2 29 14 0 0 15 4 1 15 0 2 15 0 3 15 0 4 15 4 5 15 0 6 15 0 7 15 0 8 15 0 9 15 0 10 15 0 11 15 4 12 15 0 13 15 0 27 15 0 28 15 0 29 15 0 0 16 4 1 16 0 2 16 0 3 16 0 4 16 4 5 16 0 6 16 0 7 16 0 8 16 0 9 16 0 10 16 4 11 16 0 12 16 0 13 16 0 27 16 4 28 16 0 29 16 0 0 17 0 1 17 4 2 17 0 3 17 0 4 17 0 5 17 0 6 17 0 7 17 4 8 17 0 9 17 0 10 17 0 11 17 0 12 17 0 13 17 0 14 17 0 27 17 0 28 17 0 29 17 4 0 18 0 1 18 0 2 18 0 3 18 0 4 18 4 5 18 0 6 18 0 7 18 0 8 18 0 9 18 0 10 18 4 11 18 4 12 18 0 13 18 0 14 18 0 25 18 0 26 18 0 27 18 0 28 18 4 29 18 0 0 19 4 1 19 0 2 19 0 3 19 0 4 19 3 5 19 0 6 19 4 7 19 0 8 19 0 9 19 0 10 19 0 11 19 0 12 19 0 25 19 2 27 19 0 28 19 0 29 19 0 0 20 4 1 20 0 2 20 0 3 20 0 5 20 0 6 20 0 7 20 0 8 20 0 9 20 0 10 20 0 29 20 4 0 21 0 1 21 4 2 21 0 3 21 0 5 21 0 29 21 4 0 22 0 1 22 0 29 22 0 
 --- Bot used 87 milliseconds ---
-----------------------------------------------------------------------------
 --- Frame #93 ---
1 12 0 2 12 1 4 12 0 5 12 0 6 12 0 7 12 0 8 12 0 0 13 0 1 13 4 2 13 0 3 13 1 4 13 0 5 13 0 6 13 4 7 13 0 8 13 0 0 14 0 1 14 0 2 14 4 3 14 4 4 14 0 5 14 0 6 14 0 7 14 0 8 14 0 9 14 0 10 14 0 11 14 0 12 14 0 13 14 0 29 14 0 0 15 0 1 15 0 2 15 0 3 15 4 4 15 0 5 15 0 6 15 0 7 15 0 8 15 0 9 15 4 10 15 4 11 15 0 12 15 0 13 15 0 27 15 4 28 15 0 29 15 4 0 16 0 1 16 0 2 16 0 3 16 4 4 16 0 5 16 0 6 16 0 7 16 0 8 16 0 9 16 4 10 16 0 11 16 0 12 16 0 13 16 0 26 16 4 27 16 0 28 16 0 29 16 4 0 17 4 1 17 0 2 17 0 3 17 0 4 17 0 5 17 0 6 17 4 7 17 0 8 17 0 9 17 0 10 17 0 11 17 0 12 17 4 13 17 0 14 17 0 27 17 0 28 17 4 29 17 0 0 18 0 1 18 0 2 18 0 3 18 4 4 18 0 5 18 0 6 18 0 7 18 0 8 18 0 9 18 4 10 18 4 11 18 0 12 18 0 13 18 3 14 18 0 25 18 0 26 18 0 27 18 4 28 18 0 29 18 0 0 19 0 1 19 0 2 19 0 3 19 0 4 19 0 5 19 4 6 19 0 7 19 0 8 19 0 9 19 0 10 19 0 11 19 0 12 19 0 25 19 0 26 19 0 27 19 3 28 19 0 29 19 4 0 20 0 1 20 4 2 20 4 3 20 0 4 20 0 5 20 4 6 20 0 7 20 0 8 20 0 9 20 0 10 20 0 28 20 0 29 20 4 0 21 4 1 21 0 2 21 0 3 21 0 5 21 0 28 21 4 29 21 0 0 22 0 1 22 0 29 22 0 
 --- Bot used 87 milliseconds ---
-----------------------------------------------------------------------------
 --- Frame #94 ---
2 11 0 1 12 1 2 12 0 3 12 0 4 12 0 5 12 0 6 12 0 7 12 0 8 12 0 0 13 1 1 13 0 2 13 0 3 13 0 4 13 0 5 13 4 6 13 0 7 13 0 8 13 0 0 14 0 1 14 4 2 14 4 3 14 0 4 14 0 5 14 0 6 14 0 7 14 0 8 14 4 9 14 0 10 14 0 11 14 0 12 14 0 13 14 0 29 14 0 0 15 0 1 15 0 2 15 4 3 15 0 4 15 0 5 15 0 6 15 0 7 15 0 8 15 4 9 15 4 10 15 0 11 15 0 12 15 0 13 15 0 26 15 0 27 15 0 28 15 1 29 15 0 0 16 0 1 16 0 2 16 4 3 16 0 4 16 0 5 16 0 6 16 0 7 16 0 8 16 4 9 16 0 10 16 0 11 16 0 12 16 0 13 16 0 25 16 0 26 16 0 27 16 0 28 16 4 29 16 0 0 17 0 1 17 0 2 17 0 3 17 0 4 17 0 5 17 4 6 17 0 7 17 0 8 17 0 9 17 0 10 17 0 11 17 4 12 17 0 13 17 0 14 17 0 27 17 4 28 17 0 29 17 4 0 18 0 1 18 0 2 18 4 3 18 0 4 18 0 5 18 0 6 18 0 7 18 0 8 18 4 9 18 4 10 18 0 11 18 0 12 18 4 13 18 0 14 18 0 25 18 0 26 18 1 27 18 0 28 18 0 29 18 0 0 19 0 1 19 0 2 19 0 3 19 0 4 19 4 5 19 0 6 19 0 7 19 0 8 19 0 9 19 0 10 19 4 11 19 0 12 19 0 13 19 0 25 19 0 26 19 0 27 19 0 28 19 4 29 19 0 0 20 4 1 20 0 2 20 0 3 20 0 4 20 3 5 20 0 6 20 0 7 20 0 8 20 0 9 20 0 10 20 0 27 20 0 28 20 4 29 20 0 0 21 0 1 21 0 2 21 3 3 21 0 5 21 0 27 21 0 28 21 0 29 21 4 0 22 0 1 22 3 29 22 4 
 --- Bot used 84 milliseconds ---
-----------------------------------------------------------------------------
 --- Frame #95 ---
1 11 0 2 11 0 0 12 0 1 12 0 2 12 0 3 12 0 4 12 0 5 12 0 6 12 0 7 12 0 8 12 0 0 13 0 1 13 0 2 13 0 3 13 0 4 13 4 5 13 0 6 13 0 7 13 0 8 13 0 0 14 4 1 14 4 2 14 0 3 14 0 4 14 0 5 14 0 6 14 0 7 14 4 8 14 0 9 14 0 10 14 0 11 14 0 12 14 0 13 14 0 28 14 0 29 14 1 0 15 0 1 15 4 2 15 0 3 15 0 4 15 0 5 15 0 6 15 0 7 15 4 8 15 4 9 15 0 10 15 0 11 15 0 12 15 0 13 15 0 26 15 0 27 15 0 28 15 0 29 15 0 0 16 0 1 16 4 2 16 0 3 16 0 4 16 0 5 16 0 6 16 0 7 16 4 8 16 0 9 16 0 10 16 0 11 16 0 12 16 0 13 16 0 25 16 0 26 16 0 27 16 4 28 16 0 29 16 0 0 17 0 1 17 0 2 17 0 3 17 0 4 17 4 5 17 0 6 17 0 7 17 0 8 17 0 9 17 0 10 17 4 11 17 0 12 17 0 13 17 0 14 17 0 26 17 4 27 17 0 28 17 4 29 17 0 0 18 0 1 18 4 2 18 0 3 18 0 4 18 0 5 18 0 6 18 0 7 18 4 8 18 4 9 18 0 10 18 0 11 18 4 12 18 0 13 18 0 14 18 3 25 18 0 26 18 0 27 18 0 28 18 0 29 18 0 0 19 0 1 19 0 2 19 0 3 19 4 4 19 0 5 19 0 6 19 0 7 19 0 8 19 0 9 19 4 10 19 0 11 19 0 12 19 0 13 19 0 25 19 0 26 19 0 27 19 4 28 19 0 29 19 0 0 20 0 1 20 4 2 20 0 3 20 0 4 20 0 5 20 0 6 20 0 7 20 0 8 20 0 9 20 0 10 20 0 27 20 4 28 20 0 29 20 4 0 21 0 1 21 0 2 21 0 3 21 0 4 21 0 5 21 0 27 21 0 28 21 4 29 21 0 0 22 3 1 22 0 2 22 0 28 22 0 29 22 0 1 23 0 
 --- Bot used 88 milliseconds ---
-----------------------------------------------------------------------------
 --- Frame #96 ---
1 11 0 2 11 0 0 12 0 1 12 0 2 12 0 3 12 0 4 12 0 5 12 0 6 12 0 7 12 0 8 12 0 0 13 0 1 13 0 2 13 0 3 13 4 4 13 0 5 13 0 6 13 0 7 13 0 8 13 0 29 13 0 0 14 4 1 14 0 2 14 0 3 14 0 4 14 0 5 14 0 6 14 4 7 14 0 8 14 0 9 14 0 10 14 0 11 14 0 12 14 0 13 14 0 28 14 0 29 14 4 0 15 4 1 15 0 2 15 0 3 15 0 4 15 0 5 15 0 6 15 4 7 15 4 8 15 0 9 15 0 10 15 0 11 15 0 12 15 0 13 15 0 26 15 0 27 15 0 28 15 0 29 15 0 0 16 4 1 16 0 2 16 0 3 16 0 4 16 0 5 16 0 6 16 4 7 16 0 8 16 0 9 16 0 10 16 0 11 16 0 12 16 4 13 16 2 25 16 0 26 16 4 27 16 0 28 16 0 29 16 0 0 17 0 1 17 0 2 17 0 3 17 4 4 17 0 5 17 0 6 17 0 7 17 0 8 17 0 9 17 4 10 17 0 11 17 0 12 17 0 13 17 4 14 17 0 25 17 4 26 17 0 27 17 4 28 17 0 29 17 0 0 18 4 1 18 0 2 18 0 3 18 0 4 18 0 5 18 0 6 18 4 7 18 4 8 18 0 9 18 0 10 18 4 11 18 0 12 18 0 13 18 0 14 18 0 25 18 0 26 18 0 27 18 0 28 18 0 29 18 0 0 19 0 1 19 0 2 19 4 3 19 0 4 19 0 5 19 0 6 19 0 7 19 0 8 19 4 9 19 0 10 19 0 11 19 0 12 19 0 13 19 0 14 19 0 25 19 0 26 19 4 27 19 0 28 19 0 29 19 0 0 20 4 1 20 0 2 20 0 3 20 4 4 20 0 5 20 0 6 20 0 7 20 0 8 20 0 9 20 0 10 20 0 26 20 0 27 20 0 28 20 4 29 20 0 0 21 0 1 21 0 2 21 0 3 21 0 4 21 0 5 21 0 27 21 4 28 21 0 29 21 0 0 22 0 1 22 0 2 22 0 28 22 0 29 22 0 0 23 0 1 23 0 
 --- Bot used 94 milliseconds ---
-----------------------------------------------------------------------------
 --- Frame #97 ---
1 11 0 2 11 0 0 12 0 1 12 0 2 12 0 3 12 1 4 12 0 5 12 0 6 12 0 7 12 0 8 12 0 0 13 0 1 13 0 2 13 4 3 13 0 4 13 0 5 13 0 6 13 0 7 13 0 8 13 0 29 13 0 0 14 0 1 14 0 2 14 0 3 14 0 4 14 0 5 14 4 6 14 0 7 14 0 8 14 0 9 14 0 10 14 0 11 14 0 12 14 0 13 14 0 28 14 4 29 14 4 0 15 0 1 15 0 2 15 0 3 15 0 4 15 0 5 15 4 6 15 4 7 15 0 8 15 0 9 15 0 10 15 0 11 15 0 12 15 4 13 15 0 26 15 0 27 15 0 28 15 0 29 15 4 0 16 0 1 16 0 2 16 0 3 16 0 4 16 0 5 16 4 6 16 0 7 16 0 8 16 0 9 16 0 10 16 0 11 16 4 12 16 0 13 16 0 14 16 0 25 16 1 26 16 0 27 16 0 28 16 0 29 16 4 0 17 0 1 17 0 2 17 4 3 17 0 4 17 0 5 17 0 6 17 0 7 17 0 8 17 4 9 17 0 10 17 0 11 17 0 12 17 4 13 17 0 14 17 0 24 17 3 25 17 0 26 17 4 27 17 0 28 17 0 29 17 0 0 18 0 1 18 0 2 18 0 3 18 0 4 18 0 5 18 4 6 18 4 7 18 0 8 18 0 9 18 4 10 18 0 11 18 0 12 18 0 13 18 0 14 18 0 25 18 0 26 18 0 27 18 0 28 18 0 29 18 4 0 19 0 1 19 4 2 19 0 3 19 0 4 19 0 5 19 0 6 19 0 7 19 4 8 19 0 9 19 0 10 19 0 11 19 0 12 19 0 13 19 0 14 19 0 25 19 4 26 19 0 27 19 0 28 19 0 29 19 0 0 20 0 1 20 0 2 20 4 3 20 0 4 20 0 5 20 0 6 20 0 7 20 0 8 20 0 9 20 0 10 20 0 26 20 0 27 20 4 28 20 0 29 20 4 0 21 0 1 21 0 2 21 0 3 21 0 4 21 0 5 21 0 26 21 3 27 21 0 28 21 0 29 21 0 0 22 0 1 22 0 2 22 0 28 22 0 29 22 0 0 23 0 1 23 0 
 --- Bot used 86 milliseconds ---
-----------------------------------------------------------------------------
 --- Frame #98 ---
1 11 0 2 11 0 3 11 0 0 12 0 1 12 0 2 12 0 3 12 0 4 12 0 5 12 0 6 12 0 7 12 0 8 12 0 0 13 0 1 13 4 2 13 0 3 13 0 4 13 0 5 13 0 6 13 0 7 13 4 8 13 0 29 13 0 0 14 0 1 14 0 2 14 0 3 14 0 4 14 4 5 14 0 6 14 0 7 14 0 8 14 0 9 14 0 10 14 0 11 14 0 12 14 0 13 14 0 27 14 0 28 14 1 29 14 0 0 15 0 1 15 0 2 15 0 3 15 0 4 15 4 5 15 4 6 15 0 7 15 0 8 15 0 9 15 0 10 15 0 11 15 4 12 15 0 13 15 0 25 15 0 26 15 0 27 15 0 28 15 4 29 15 0 0 16 0 1 16 0 2 16 0 3 16 0 4 16 4 5 16 0 6 16 0 7 16 0 8 16 0 9 16 0 10 16 4 11 16 0 12 16 0 13 16 0 14 16 0 25 16 0 26 16 0 27 16 0 28 16 4 29 16 0 0 17 0 1 17 4 2 17 0 3 17 0 4 17 0 5 17 0 6 17 0 7 17 4 8 17 0 9 17 0 10 17 0 11 17 4 12 17 0 13 17 0 14 17 0 24 17 0 25 17 4 26 17 0 27 17 0 28 17 0 29 17 0 0 18 0 1 18 0 2 18 0 3 18 0 4 18 4 5 18 4 6 18 0 7 18 0 8 18 4 9 18 0 10 18 0 11 18 0 12 18 0 13 18 0 14 18 0 24 18 4 25 18 4 26 18 0 27 18 0 28 18 4 29 18 0 0 19 4 1 19 0 2 19 0 3 19 0 4 19 0 5 19 0 6 19 4 7 19 0 8 19 0 9 19 0 10 19 0 11 19 0 12 19 3 13 19 0 14 19 0 24 19 0 25 19 0 26 19 0 27 19 0 28 19 0 29 19 0 0 20 0 1 20 4 2 20 0 3 20 0 4 20 0 5 20 0 6 20 0 7 20 0 8 20 0 9 20 0 10 20 0 26 20 4 27 20 0 28 20 4 29 20 0 0 21 0 1 21 4 2 21 0 3 21 0 4 21 0 5 21 0 26 21 0 27 21 0 28 21 0 29 21 0 0 22 0 1 22 0 2 22 0 26 22 0 28 22 0 29 22 0 0 23 4 1 23 0 
 --- Bot used 93 milliseconds ---
-----------------------------------------------------------------------------
 --- Frame #99 ---
1 11 0 2 11 0 3 11 0 0 12 0 1 12 0 2 12 4 3 12 0 4 12 0 5 12 0 6 12 0 7 12 0 8 12 0 0 13 4 1 13 0 2 13 0 3 13 0 4 13 0 5 13 0 6 13 4 7 13 0 8 13 0 28 13 0 29 13 0 0 14 0 1 14 0 2 14 0 3 14 4 4 14 0 5 14 0 6 14 0 7 14 0 8 14 0 9 14 0 10 14 0 11 14 0 12 14 0 13 14 0 27 14 0 28 14 0 29 14 0 0 15 0 1 15 0 2 15 0 3 15 4 4 15 4 5 15 0 6 15 0 7 15 0 8 15 0 9 15 0 10 15 4 11 15 0 12 15 0 13 15 0 25 15 0 26 15 0 27 15 4 28 15 0 29 15 0 0 16 0 1 16 0 2 16 0 3 16 4 4 16 0 5 16 0 6 16 0 7 16 0 8 16 0 9 16 4 10 16 0 11 16 0 12 16 0 13 16 0 14 16 0 25 16 0 26 16 0 27 16 4 28 16 0 29 16 0 0 17 4 1 17 0 2 17 0 3 17 0 4 17 0 5 17 0 6 17 4 7 17 0 8 17 0 9 17 0 10 17 4 11 17 0 12 17 0 13 17 0 14 17 0 24 17 1 25 17 0 26 17 0 27 17 0 28 17 0 29 17 0 0 18 0 1 18 0 2 18 0 3 18 4 4 18 4 5 18 0 6 18 0 7 18 4 8 18 0 9 18 0 10 18 0 11 18 0 12 18 0 13 18 4 14 18 0 23 18 3 24 18 4 25 18 0 26 18 0 27 18 4 28 18 0 29 18 0 0 19 0 1 19 0 2 19 0 3 19 0 4 19 0 5 19 4 6 19 0 7 19 0 8 19 0 9 19 0 10 19 0 11 19 3 12 19 0 13 19 0 14 19 0 24 19 0 25 19 0 26 19 0 27 19 0 28 19 0 29 19 4 0 20 4 1 20 0 2 20 0 3 20 0 4 20 0 5 20 4 6 20 0 7 20 0 8 20 0 9 20 0 10 20 0 12 20 0 25 20 0 26 20 0 27 20 4 28 20 0 29 20 0 0 21 4 1 21 0 2 21 0 3 21 0 4 21 0 5 21 0 26 21 0 27 21 0 28 21 0 29 21 0 0 22 0 1 22 0 2 22 0 26 22 0 28 22 0 29 22 0 0 23 0 1 23 0 29 23 0 
 --- Bot used 100 milliseconds ---
-----------------------------------------------------------------------------
 --- Frame #100 ---
1 11 0 2 11 0 3 11 0 0 12 1 1 12 4 2 12 0 3 12 0 4 12 0 5 12 0 6 12 0 7 12 0 8 12 1 0 13 0 1 13 0 2 13 0 3 13 0 4 13 0 5 13 4 6 13 0 7 13 0 8 13 0 28 13 0 29 13 1 0 14 0 1 14 0 2 14 4 3 14 0 4 14 0 5 14 0 6 14 0 7 14 0 8 14 4 9 14 0 10 14 0 11 14 0 12 14 0 13 14 0 27 14 0 28 14 0 29 14 0 0 15 0 1 15 0 2 15 4 3 15 4 4 15 0 5 15 0 6 15 0 7 15 0 8 15 0 9 15 4 10 15 0 11 15 0 12 15 0 13 15 0 25 15 4 26 15 1 27 15 0 28 15 0 29 15 0 0 16 0 1 16 0 2 16 4 3 16 0 4 16 0 5 16 0 6 16 0 7 16 0 8 16 4 9 16 0 10 16 0 11 16 0 12 16 0 13 16 0 14 16 0 24 16 0 25 16 0 26 16 4 27 16 0 28 16 0 29 16 0 0 17 0 1 17 0 2 17 0 3 17 0 4 17 0 5 17 4 6 17 0 7 17 0 8 17 0 9 17 4 10 17 0 11 17 0 12 17 0 13 17 0 14 17 0 24 17 0 25 17 0 26 17 0 27 17 0 28 17 0 29 17 4 0 18 0 1 18 0 2 18 4 3 18 4 4 18 0 5 18 0 6 18 4 7 18 0 8 18 0 9 18 0 10 18 0 11 18 0 12 18 4 13 18 0 14 18 0 23 18 0 24 18 0 25 18 0 26 18 4 27 18 0 28 18 0 29 18 0 0 19 0 1 19 0 2 19 0 3 19 0 4 19 4 5 19 0 6 19 0 7 19 0 8 19 0 9 19 0 10 19 4 11 19 0 12 19 0 13 19 0 14 19 0 23 19 0 24 19 0 25 19 0 26 19 0 27 19 0 28 19 4 29 19 0 0 20 0 1 20 0 2 20 0 3 20 0 4 20 4 5 20 0 6 20 0 7 20 3 8 20 0 9 20 0 10 20 0 11 20 0 12 20 0 25 20 0 26 20 4 27 20 0 28 20 0 29 20 4 0 21 0 1 21 0 2 21 4 3 21 0 4 21 0 5 21 0 26 21 0 27 21 0 28 21 0 29 21 4 0 22 0 1 22 4 2 22 3 26 22 0 28 22 0 29 22 4 0 23 0 1 23 0 29 23 0 
 --- Bot used 110 milliseconds ---
-----------------------------------------------------------------------------
 --- Frame #101 ---
0 11 0 1 11 0 2 11 0 3 11 0 8 11 0 0 12 4 1 12 0 2 12 0 3 12 0 4 12 0 5 12 0 6 12 0 7 12 0 8 12 0 29 12 4 0 13 0 1 13 0 2 13 0 3 13 0 4 13 4 5 13 0 6 13 0 7 13 0 8 13 0 28 13 0 29 13 0 0 14 0 1 14 4 2 14 0 3 14 0 4 14 0 5 14 0 6 14 0 7 14 4 8 14 0 9 14 0 10 14 0 11 14 0 12 14 0 13 14 1 26 14 1 27 14 0 28 14 0 29 14 0 0 15 0 1 15 4 2 15 4 3 15 0 4 15 0 5 15 0 6 15 0 7 15 0 8 15 4 9 15 0 10 15 0 11 15 0 12 15 0 13 15 0 24 15 0 25 15 0 26 15 0 27 15 0 28 15 0 29 15 0 0 16 0 1 16 4 2 16 0 3 16 0 4 16 0 5 16 0 6 16 0 7 16 4 8 16 0 9 16 0 10 16 0 11 16 0 12 16 0 13 16 0 14 16 0 24 16 4 25 16 4 26 16 0 27 16 0 28 16 0 29 16 0 0 17 0 1 17 0 2 17 0 3 17 0 4 17 4 5 17 0 6 17 0 7 17 0 8 17 4 9 17 0 10 17 0 11 17 0 12 17 0 13 17 0 14 17 0 24 17 0 25 17 0 26 17 0 27 17 0 28 17 4 29 17 0 0 18 0 1 18 4 2 18 4 3 18 0 4 18 0 5 18 4 6 18 0 7 18 0 8 18 0 9 18 0 10 18 0 11 18 4 12 18 0 13 18 0 14 18 0 23 18 0 24 18 0 25 18 4 26 18 0 27 18 0 28 18 0 29 18 0 0 19 0 1 19 0 2 19 0 3 19 4 4 19 0 5 19 0 6 19 0 7 19 0 8 19 0 9 19 4 10 19 0 11 19 0 12 19 0 13 19 0 14 19 0 23 19 0 24 19 0 25 19 0 26 19 0 27 19 4 28 19 0 29 19 0 0 20 0 1 20 0 2 20 0 3 20 4 4 20 0 5 20 0 6 20 0 7 20 0 8 20 0 9 20 0 10 20 0 11 20 0 12 20 0 25 20 3 26 20 0 27 20 0 28 20 4 29 20 0 0 21 0 1 21 4 2 21 0 3 21 3 4 21 0 5 21 0 7 21 0 26 21 0 27 21 0 28 21 4 29 21 0 0 22 4 1 22 0 2 22 0 26 22 0 28 22 4 29 22 0 0 23 0 1 23 3 2 23 0 29 23 0 
 --- Bot used 79 milliseconds ---
-----------------------------------------------------------------------------
 --- Frame #102 ---
0 11 0 1 11 0 2 11 0 3 11 0 8 11 0 0 12 0 1 12 0 2 12 0 3 12 0 4 12 0 5 12 0 6 12 0 7 12 0 8 12 0 28 12 0 29 12 0 0 13 0 1 13 0 2 13 0 3 13 4 4 13 0 5 13 0 6 13 0 7 13 0 8 13 0 13 13 0 26 13 0 28 13 0 29 13 0 0 14 4 1 14 0 2 14 0 3 14 0 4 14 0 5 14 0 6 14 4 7 14 0 8 14 0 9 14 0 10 14 0 11 14 0 12 14 0 13 14 0 26 14 0 27 14 0 28 14 0 29 14 0 0 15 4 1 15 4 2 15 0 3 15 0 4 15 0 5 15 0 6 15 0 7 15 4 8 15 0 9 15 0 10 15 0 11 15 0 12 15 0 13 15 2 24 15 0 25 15 0 26 15 0 27 15 0 28 15 0 29 15 0 0 16 4 1 16 0 2 16 0 3 16 0 4 16 0 5 16 0 6 16 4 7 16 0 8 16 0 9 16 0 10 16 0 11 16 0 12 16 4 13 16 2 14 16 0 23 16 0 24 16 4 25 16 0 26 16 0 27 16 0 28 16 0 29 16 0 0 17 0 1 17 0 2 17 0 3 17 4 4 17 0 5 17 0 6 17 0 7 17 4 8 17 0 9 17 0 10 17 0 11 17 0 12 17 0 13 17 2 14 17 0 24 17 0 25 17 0 26 17 0 27 17 4 28 17 0 29 17 0 0 18 4 1 18 4 2 18 0 3 18 0 4 18 4 5 18 0 6 18 0 7 18 0 8 18 0 9 18 0 10 18 4 11 18 0 12 18 0 13 18 0 14 18 0 23 18 0 24 18 4 25 18 0 26 18 0 27 18 0 28 18 0 29 18 0 0 19 0 1 19 0 2 19 4 3 19 0 4 19 0 5 19 0 6 19 0 7 19 0 8 19 4 9 19 0 10 19 0 11 19 0 12 19 0 13 19 0 14 19 0 23 19 0 24 19 0 25 19 0 26 19 4 27 19 0 28 19 0 29 19 0 0 20 0 1 20 0 2 20 4 3 20 0 4 20 0 5 20 0 6 20 0 7 20 0 8 20 0 9 20 0 10 20 0 11 20 0 12 20 0 25 20 0 26 20 0 27 20 4 28 20 0 29 20 0 0 21 4 1 21 0 2 21 0 3 21 0 4 21 0 5 21 0 7 21 0 25 21 0 26 21 0 27 21 4 28 21 0 29 21 0 0 22 0 1 22 0 2 22 0 3 22 0 26 22 0 27 22 0 28 22 0 29 22 4 0 23 0 1 23 0 2 23 0 29 23 0 1 24 0 
 --- Bot used 103 milliseconds ---
-----------------------------------------------------------------------------
 --- Frame #103 ---
0 11 0 1 11 1 2 11 0 3 11 0 8 11 0 0 12 0 1 12 0 2 12 0 3 12 4 4 12 0 5 12 0 6 12 0 7 12 1 8 12 0 28 12 0 29 12 0 0 13 0 1 13 0 2 13 4 3 13 0 4 13 0 5 13 0 6 13 0 7 13 0 8 13 0 13 13 0 26 13 0 28 13 0 29 13 0 0 14 0 1 14 0 2 14 0 3 14 0 4 14 0 5 14 4 6 14 0 7 14 0 8 14 0 9 14 1 10 14 0 11 14 0 12 14 0 13 14 0 26 14 0 27 14 1 28 14 0 29 14 4 0 15 4 1 15 0 2 15 0 3 15 0 4 15 0 5 15 0 6 15 4 7 15 0 8 15 0 9 15 0 10 15 0 11 15 0 12 15 4 13 15 0 14 15 0 24 15 0 25 15 0 26 15 0 27 15 0 28 15 0 29 15 4 0 16 0 1 16 0 2 16 0 3 16 0 4 16 0 5 16 4 6 16 0 7 16 0 8 16 0 9 16 0 10 16 0 11 16 4 12 16 0 13 16 0 14 16 0 23 16 1 24 16 0 25 16 0 26 16 0 27 16 0 28 16 0 29 16 4 0 17 0 1 17 0 2 17 4 3 17 0 4 17 0 5 17 0 6 17 4 7 17 0 8 17 0 9 17 0 10 17 0 11 17 0 12 17 4 13 17 0 14 17 2 24 17 0 25 17 0 26 17 4 27 17 0 28 17 0 29 17 0 0 18 4 1 18 0 2 18 0 3 18 4 4 18 0 5 18 0 6 18 0 7 18 0 8 18 0 9 18 4 10 18 0 11 18 0 12 18 0 13 18 0 14 18 0 23 18 4 24 18 0 25 18 0 26 18 0 27 18 0 28 18 0 29 18 4 0 19 0 1 19 4 2 19 0 3 19 0 4 19 0 5 19 0 6 19 0 7 19 4 8 19 0 9 19 0 10 19 0 11 19 0 12 19 0 13 19 3 14 19 0 23 19 0 24 19 0 25 19 4 26 19 0 27 19 0 28 19 0 29 19 0 0 20 0 1 20 4 2 20 0 3 20 0 4 20 0 5 20 0 6 20 0 7 20 0 8 20 0 9 20 0 10 20 0 11 20 0 12 20 0 25 20 0 26 20 4 27 20 0 28 20 0 29 20 0 0 21 0 1 21 0 2 21 0 3 21 0 4 21 0 5 21 0 7 21 0 25 21 0 26 21 4 27 21 0 28 21 0 29 21 4 0 22 0 1 22 0 2 22 0 3 22 0 26 22 0 27 22 0 28 22 3 29 22 0 0 23 0 1 23 0 2 23 0 29 23 0 1 24 0 
 --- Bot used 93 milliseconds ---
-----------------------------------------------------------------------------
 --- Frame #104 ---
1 10 0 0 11 0 1 11 0 2 11 0 3 11 0 7 11 0 8 11 0 0 12 0 1 12 0 2 12 4 3 12 0 4 12 0 5 12 0 6 12 0 7 12 0 8 12 0 28 12 1 29 12 0 0 13 0 1 13 4 2 13 0 3 13 0 4 13 0 5 13 0 6 13 0 7 13 4 8 13 4 9 13 0 13 13 0 26 13 0 27 13 0 28 13 4 29 13 0 0 14 0 1 14 0 2 14 0 3 14 0 4 14 4 5 14 0 6 14 0 7 14 0 8 14 0 9 14 0 10 14 0 11 14 1 12 14 0 13 14 0 26 14 0 27 14 0 28 14 4 29 14 0 0 15 0 1 15 0 2 15 0 3 15 0 4 15 0 5 15 4 6 15 0 7 15 0 8 15 0 9 15 0 10 15 0 11 15 4 12 15 0 13 15 0 14 15 0 23 15 4 24 15 0 25 15 0 26 15 0 27 15 0 28 15 4 29 15 4 0 16 0 1 16 0 2 16 0 3 16 0 4 16 4 5 16 0 6 16 0 7 16 0 8 16 0 9 16 0 10 16 4 11 16 0 12 16 0 13 16 0 14 16 0 23 16 0 24 16 0 25 16 0 26 16 0 27 16 0 28 16 4 29 16 0 0 17 0 1 17 4 2 17 0 3 17 0 4 17 0 5 17 4 6 17 0 7 17 0 8 17 0 9 17 0 10 17 0 11 17 4 12 17 0 13 17 0 14 17 0 15 17 0 24 17 0 25 17 4 26 17 0 27 17 0 28 17 0 29 17 0 0 18 0 1 18 0 2 18 4 3 18 0 4 18 0 5 18 0 6 18 0 7 18 0 8 18 4 9 18 0 10 18 0 11 18 0 12 18 0 13 18 0 14 18 0 22 18 3 23 18 0 24 18 0 25 18 0 26 18 0 27 18 0 28 18 4 29 18 4 0 19 4 1 19 0 2 19 0 3 19 0 4 19 0 5 19 0 6 19 4 7 19 0 8 19 0 9 19 0 10 19 0 11 19 0 12 19 4 13 19 0 14 19 0 23 19 0 24 19 3 25 19 0 26 19 0 27 19 0 28 19 0 29 19 0 0 20 4 1 20 0 2 20 0 3 20 0 4 20 0 5 20 0 6 20 0 7 20 0 8 20 3 9 20 0 10 20 0 11 20 0 12 20 0 13 20 0 25 20 4 26 20 0 27 20 0 28 20 0 29 20 0 0 21 0 1 21 0 2 21 0 3 21 0 4 21 0 5 21 0 7 21 0 25 21 4 26 21 0 27 21 0 28 21 4 29 21 0 0 22 0 1 22 0 2 22 0 3 22 0 26 22 0 27 22 0 28 22 0 29 22 0 0 23 0 1 23 0 2 23 0 28 23 4 29 23 0 1 24 0 
 --- Bot used 100 milliseconds ---
-----------------------------------------------------------------------------
 --- Frame #105 ---
1 10 0 0 11 0 1 11 0 2 11 1 3 11 0 7 11 0 8 11 0 28 11 0 0 12 0 1 12 4 2 12 0 3 12 0 4 12 0 5 12 0 6 12 0 7 12 0 8 12 0 28 12 0 29 12 0 0 13 4 1 13 0 2 13 0 3 13 0 4 13 0 5 13 0 6 13 4 7 13 4 8 13 0 9 13 0 11 13 0 13 13 0 26 13 0 27 13 0 28 13 0 29 13 0 0 14 0 1 14 0 2 14 0 3 14 4 4 14 0 5 14 0 6 14 0 7 14 0 8 14 0 9 14 0 10 14 0 11 14 0 12 14 1 13 14 0 26 14 0 27 14 4 28 14 0 29 14 0 0 15 0 1 15 0 2 15 0 3 15 0 4 15 4 5 15 0 6 15 0 7 15 0 8 15 0 9 15 0 10 15 4 11 15 0 12 15 0 13 15 0 14 15 0 22 15 0 23 15 0 24 15 0 25 15 0 26 15 0 27 15 4 28 15 4 29 15 0 0 16 0 1 16 0 2 16 0 3 16 4 4 16 0 5 16 0 6 16 0 7 16 0 8 16 0 9 16 4 10 16 0 11 16 0 12 16 0 13 16 0 14 16 0 23 16 0 24 16 0 25 16 0 26 16 0 27 16 4 28 16 0 29 16 0 0 17 4 1 17 0 2 17 0 3 17 0 4 17 4 5 17 0 6 17 0 7 17 0 8 17 0 9 17 0 10 17 4 11 17 0 12 17 0 13 17 0 14 17 0 15 17 0 24 17 4 25 17 0 26 17 0 27 17 0 28 17 0 29 17 0 0 18 0 1 18 4 2 18 0 3 18 0 4 18 0 5 18 0 6 18 0 7 18 4 8 18 0 9 18 0 10 18 0 11 18 0 12 18 0 13 18 2 14 18 0 22 18 0 23 18 0 24 18 0 25 18 0 26 18 0 27 18 4 28 18 4 29 18 0 0 19 0 1 19 0 2 19 0 3 19 0 4 19 0 5 19 4 6 19 0 7 19 0 8 19 0 9 19 0 10 19 0 11 19 4 12 19 0 13 19 0 14 19 3 22 19 3 23 19 0 24 19 0 25 19 0 26 19 0 27 19 0 28 19 0 29 19 4 0 20 0 1 20 0 2 20 0 3 20 0 4 20 0 5 20 4 6 20 0 7 20 0 8 20 0 9 20 0 10 20 0 11 20 0 12 20 0 13 20 0 24 20 4 25 20 0 26 20 0 27 20 0 28 20 0 29 20 4 0 21 0 1 21 0 2 21 0 3 21 0 4 21 0 5 21 0 7 21 0 8 21 0 24 21 0 25 21 0 26 21 0 27 21 4 28 21 0 29 21 0 0 22 0 1 22 0 2 22 0 3 22 0 26 22 0 27 22 4 28 22 0 29 22 0 0 23 3 1 23 0 2 23 0 27 23 4 28 23 0 29 23 0 1 24 0 
 --- Bot used 93 milliseconds ---
-----------------------------------------------------------------------------
 --- Frame #106 ---
1 10 0 2 10 0 0 11 0 1 11 0 2 11 0 3 11 0 7 11 0 8 11 0 28 11 0 0 12 4 1 12 0 2 12 0 3 12 0 4 12 0 5 12 0 6 12 0 7 12 0 8 12 0 28 12 0 29 12 1 0 13 0 1 13 0 2 13 0 3 13 0 4 13 0 5 13 4 6 13 4 7 13 0 8 13 0 9 13 0 11 13 0 12 13 0 13 13 0 26 13 0 27 13 1 28 13 0 29 13 4 0 14 0 1 14 0 2 14 4 3 14 0 4 14 0 5 14 0 6 14 0 7 14 0 8 14 4 9 14 0 10 14 0 11 14 0 12 14 0 13 14 0 26 14 4 27 14 0 28 14 0 29 14 0 0 15 0 1 15 0 2 15 0 3 15 4 4 15 0 5 15 0 6 15 0 7 15 0 8 15 0 9 15 4 10 15 0 11 15 0 12 15 0 13 15 0 14 15 0 22 15 3 23 15 0 24 15 0 25 15 0 26 15 4 27 15 4 28 15 0 29 15 0 0 16 0 1 16 0 2 16 4 3 16 0 4 16 0 5 16 0 6 16 0 7 16 0 8 16 4 9 16 0 10 16 0 11 16 0 12 16 0 13 16 0 14 16 0 23 16 0 24 16 0 25 16 0 26 16 4 27 16 0 28 16 0 29 16 0 0 17 0 1 17 0 2 17 0 3 17 4 4 17 0 5 17 0 6 17 0 7 17 0 8 17 0 9 17 4 10 17 0 11 17 0 12 17 0 13 17 0 14 17 0 15 17 0 23 17 4 24 17 0 25 17 0 26 17 0 27 17 0 28 17 0 29 17 4 0 18 4 1 18 0 2 18 0 3 18 0 4 18 0 5 18 0 6 18 4 7 18 0 8 18 0 9 18 0 10 18 0 11 18 0 12 18 4 13 18 0 14 18 2 22 18 0 23 18 0 24 18 0 25 18 0 26 18 4 27 18 4 28 18 0 29 18 0 0 19 0 1 19 0 2 19 0 3 19 0 4 19 4 5 19 0 6 19 0 7 19 0 8 19 0 9 19 0 10 19 4 11 19 0 12 19 0 13 19 0 14 19 0 22 19 0 23 19 4 24 19 0 25 19 0 26 19 0 27 19 0 28 19 4 29 19 0 0 20 0 1 20 0 2 20 0 3 20 0 4 20 4 5 20 0 6 20 0 7 20 4 8 20 0 9 20 0 10 20 0 11 20 0 12 20 0 13 20 0 14 20 0 22 20 4 23 20 0 24 20 0 25 20 0 26 20 0 27 20 0 28 20 4 29 20 0 0 21 0 1 21 0 2 21 4 3 21 0 4 21 0 5 21 0 7 21 0 8 21 0 24 21 0 25 21 0 26 21 4 27 21 0 28 21 0 29 21 0 0 22 0 1 22 4 2 22 4 3 22 0 26 22 0 27 22 0 28 22 0 29 22 0 0 23 0 1 23 0 2 23 0 26 23 0 27 23 0 28 23 0 29 23 3 0 24 0 1 24 0 
 --- Bot used 121 milliseconds ---
-----------------------------------------------------------------------------
 --- Frame #107 ---
1 10 0 2 10 0 0 11 0 1 11 0 2 11 0 3 11 0 7 11 0 8 11 0 28 11 0 29 11 0 0 12 0 1 12 0 2 12 0 3 12 0 4 12 0 5 12 0 6 12 0 7 12 0 8 12 0 27 12 0 28 12 0 29 12 4 0 13 0 1 13 0 2 13 0 3 13 0 4 13 4 5 13 4 6 13 0 7 13 0 8 13 0 9 13 0 11 13 0 12 13 0 13 13 0 26 13 0 27 13 0 28 13 4 29 13 0 0 14 0 1 14 4 2 14 0 3 14 0 4 14 0 5 14 0 6 14 0 7 14 4 8 14 0 9 14 0 10 14 0 11 14 0 12 14 0 13 14 0 25 14 1 26 14 0 27 14 0 28 14 0 29 14 0 0 15 0 1 15 0 2 15 4 3 15 0 4 15 0 5 15 0 6 15 0 7 15 0 8 15 4 9 15 0 10 15 0 11 15 0 12 15 0 13 15 0 14 15 0 22 15 0 23 15 0 24 15 0 25 15 4 26 15 4 27 15 0 28 15 0 29 15 0 0 16 0 1 16 4 2 16 0 3 16 0 4 16 0 5 16 0 6 16 0 7 16 4 8 16 0 9 16 0 10 16 0 11 16 0 12 16 0 13 16 0 14 16 0 22 16 0 23 16 0 24 16 0 25 16 4 26 16 0 27 16 0 28 16 0 29 16 0 0 17 0 1 17 0 2 17 4 3 17 0 4 17 0 5 17 0 6 17 0 7 17 0 8 17 4 9 17 0 10 17 0 11 17 0 12 17 0 13 17 0 14 17 0 15 17 0 22 17 4 23 17 0 24 17 0 25 17 0 26 17 0 27 17 0 28 17 4 29 17 0 0 18 0 1 18 0 2 18 0 3 18 0 4 18 0 5 18 4 6 18 0 7 18 0 8 18 0 9 18 0 10 18 0 11 18 4 12 18 0 13 18 0 14 18 0 15 18 0 22 18 0 23 18 0 24 18 0 25 18 4 26 18 4 27 18 0 28 18 0 29 18 4 0 19 0 1 19 0 2 19 0 3 19 4 4 19 0 5 19 0 6 19 0 7 19 0 8 19 0 9 19 4 10 19 0 11 19 0 12 19 0 13 19 0 14 19 0 22 19 0 23 19 0 24 19 0 25 19 0 26 19 0 27 19 4 28 19 0 29 19 0 0 20 0 1 20 0 2 20 0 3 20 4 4 20 0 5 20 0 6 20 0 7 20 0 8 20 0 9 20 0 10 20 0 11 20 0 12 20 0 13 20 0 14 20 0 21 20 0 22 20 0 23 20 0 24 20 0 25 20 0 26 20 0 27 20 4 28 20 0 29 20 0 0 21 0 1 21 4 2 21 0 3 21 4 4 21 0 5 21 0 7 21 0 8 21 0 24 21 0 25 21 3 26 21 0 27 21 0 28 21 0 29 21 0 0 22 4 1 22 4 2 22 0 3 22 0 26 22 0 27 22 0 28 22 0 29 22 0 0 23 0 1 23 4 2 23 2 26 23 0 27 23 0 28 23 0 29 23 0 0 24 0 1 24 0 29 24 0 
 --- Bot used 129 milliseconds ---
-----------------------------------------------------------------------------
 --- Frame #108 ---
1 10 0 2 10 0 0 11 1 1 11 0 2 11 0 3 11 0 7 11 0 8 11 0 28 11 0 29 11 0 0 12 0 1 12 0 2 12 0 3 12 0 4 12 0 5 12 0 6 12 0 7 12 0 8 12 0 27 12 0 28 12 4 29 12 0 0 13 0 1 13 0 2 13 0 3 13 4 4 13 4 5 13 0 6 13 0 7 13 0 8 13 0 9 13 0 11 13 0 12 13 0 13 13 0 25 13 0 26 13 0 27 13 4 28 13 0 29 13 0 0 14 4 1 14 0 2 14 0 3 14 0 4 14 0 5 14 0 6 14 4 7 14 0 8 14 0 9 14 0 10 14 0 11 14 0 12 14 0 13 14 0 25 14 0 26 14 0 27 14 0 28 14 0 29 14 0 0 15 0 1 15 4 2 15 0 3 15 0 4 15 0 5 15 0 6 15 0 7 15 4 8 15 0 9 15 0 10 15 0 11 15 0 12 15 0 13 15 2 14 15 0 22 15 0 23 15 0 24 15 1 25 15 4 26 15 0 27 15 0 28 15 0 29 15 0 0 16 4 1 16 0 2 16 0 3 16 0 4 16 0 5 16 0 6 16 4 7 16 0 8 16 0 9 16 0 10 16 0 11 16 0 12 16 4 13 16 2 14 16 0 22 16 0 23 16 0 24 16 4 25 16 0 26 16 0 27 16 0 28 16 0 29 16 0 0 17 0 1 17 4 2 17 0 3 17 0 4 17 0 5 17 0 6 17 0 7 17 4 8 17 0 9 17 0 10 17 0 11 17 0 12 17 0 13 17 2 14 17 0 15 17 0 21 17 3 22 17 0 23 17 0 24 17 0 25 17 0 26 17 0 27 17 4 28 17 0 29 17 0 0 18 0 1 18 0 2 18 0 3 18 0 4 18 4 5 18 0 6 18 0 7 18 0 8 18 0 9 18 0 10 18 4 11 18 0 12 18 0 13 18 0 14 18 0 15 18 0 22 18 0 23 18 0 24 18 4 25 18 4 26 18 0 27 18 0 28 18 4 29 18 0 0 19 0 1 19 0 2 19 4 3 19 0 4 19 0 5 19 0 6 19 0 7 19 0 8 19 4 9 19 0 10 19 0 11 19 0 12 19 0 13 19 0 14 19 0 22 19 0 23 19 0 24 19 0 25 19 0 26 19 4 27 19 0 28 19 0 29 19 0 0 20 0 1 20 0 2 20 4 3 20 0 4 20 0 5 20 0 6 20 0 7 20 0 8 20 0 9 20 0 10 20 0 11 20 0 12 20 0 13 20 0 14 20 0 21 20 0 22 20 0 23 20 0 24 20 0 25 20 0 26 20 4 27 20 0 28 20 0 29 20 0 0 21 4 1 21 0 2 21 4 3 21 0 4 21 0 5 21 0 7 21 0 8 21 0 24 21 0 25 21 0 26 21 0 27 21 0 28 21 0 29 21 0 0 22 4 1 22 0 2 22 0 3 22 0 25 22 0 26 22 4 27 22 0 28 22 0 29 22 4 0 23 4 1 23 0 2 23 0 3 23 0 26 23 0 27 23 0 28 23 0 29 23 0 0 24 0 1 24 0 29 24 0 
 --- Bot used 135 milliseconds ---
-----------------------------------------------------------------------------
 --- Frame #109 ---
0 10 0 1 10 0 2 10 0 0 11 0 1 11 4 2 11 0 3 11 0 7 11 0 8 11 0 28 11 0 29 11 0 0 12 0 1 12 0 2 12 0 3 12 4 4 12 0 5 12 1 6 12 0 7 12 4 8 12 0 27 12 4 28 12 0 29 12 0 0 13 0 1 13 0 2 13 4 3 13 4 4 13 0 5 13 0 6 13 0 7 13 0 8 13 0 9 13 0 11 13 0 12 13 0 13 13 0 25 13 0 26 13 1 27 13 0 28 13 0 29 13 0 0 14 0 1 14 0 2 14 0 3 14 0 4 14 0 5 14 4 6 14 0 7 14 0 8 14 0 9 14 4 10 14 0 11 14 0 12 14 0 13 14 0 24 14 1 25 14 0 26 14 0 27 14 0 28 14 0 29 14 4 0 15 4 1 15 0 2 15 0 3 15 0 4 15 0 5 15 0 6 15 4 7 15 0 8 15 0 9 15 0 10 15 0 11 15 0 12 15 4 13 15 0 14 15 0 22 15 0 23 15 0 24 15 4 25 15 0 26 15 0 27 15 0 28 15 0 29 15 0 0 16 0 1 16 0 2 16 0 3 16 0 4 16 0 5 16 4 6 16 0 7 16 0 8 16 0 9 16 0 10 16 0 11 16 4 12 16 0 13 16 0 14 16 2 22 16 0 23 16 4 24 16 0 25 16 0 26 16 0 27 16 0 28 16 0 29 16 4 0 17 4 1 17 0 2 17 0 3 17 0 4 17 0 5 17 0 6 17 4 7 17 0 8 17 0 9 17 0 10 17 0 11 17 0 12 17 4 13 17 0 14 17 4 15 17 0 21 17 0 22 17 0 23 17 0 24 17 0 25 17 0 26 17 4 27 17 0 28 17 0 29 17 0 0 18 0 1 18 0 2 18 0 3 18 4 4 18 0 5 18 0 6 18 0 7 18 0 8 18 0 9 18 4 10 18 0 11 18 0 12 18 0 13 18 0 14 18 0 15 18 0 21 18 3 22 18 0 23 18 4 24 18 4 25 18 0 26 18 0 27 18 4 28 18 0 29 18 0 0 19 0 1 19 4 2 19 0 3 19 0 4 19 0 5 19 0 6 19 0 7 19 4 8 19 0 9 19 0 10 19 0 11 19 0 12 19 0 13 19 2 14 19 0 22 19 0 23 19 0 24 19 0 25 19 4 26 19 0 27 19 0 28 19 0 29 19 0 0 20 0 1 20 4 2 20 0 3 20 0 4 20 0 5 20 0 6 20 0 7 20 0 8 20 0 9 20 0 10 20 0 11 20 0 12 20 0 13 20 0 14 20 0 21 20 0 22 20 0 23 20 3 24 20 0 25 20 4 26 20 0 27 20 0 28 20 0 29 20 0 0 21 0 1 21 4 2 21 0 3 21 0 4 21 0 5 21 0 7 21 0 8 21 0 24 21 0 25 21 0 26 21 0 27 21 0 28 21 0 29 21 4 0 22 0 1 22 0 2 22 0 3 22 0 25 22 0 26 22 0 27 22 0 28 22 4 29 22 4 0 23 0 1 23 0 2 23 0 3 23 0 26 23 0 27 23 0 28 23 0 29 23 4 0 24 0 1 24 0 29 24 0 
 --- Bot used 114 milliseconds ---
-----------------------------------------------------------------------------
 --- Frame #110 ---
0 10 0 1 10 0 2 10 0 0 11 0 1 11 0 2 11 0 3 11 0 5 11 0 7 11 0 8 11 0 28 11 0 29 11 0 0 12 0 1 12 0 2 12 4 3 12 0 4 12 0 5 12 0 6 12 1 7 12 0 8 12 0 26 12 1 27 12 0 28 12 0 29 12 0 0 13 0 1 13 4 2 13 4 3 13 0 4 13 0 5 13 0 6 13 0 7 13 0 8 13 4 9 13 0 11 13 0 12 13 0 13 13 1 24 13 0 25 13 0 26 13 0 27 13 0 28 13 0 29 13 0 0 14 0 1 14 0 2 14 0 3 14 0 4 14 4 5 14 0 6 14 0 7 14 0 8 14 4 9 14 0 10 14 0 11 14 4 12 14 0 13 14 0 24 14 0 25 14 0 26 14 0 27 14 0 28 14 4 29 14 0 0 15 0 1 15 0 2 15 0 3 15 0 4 15 0 5 15 4 6 15 0 7 15 0 8 15 0 9 15 0 10 15 0 11 15 4 12 15 0 13 15 0 14 15 0 22 15 0 23 15 0 24 15 0 25 15 0 26 15 0 27 15 0 28 15 0 29 15 4 0 16 0 1 16 0 2 16 0 3 16 0 4 16 4 5 16 0 6 16 0 7 16 0 8 16 0 9 16 0 10 16 4 11 16 0 12 16 0 13 16 0 14 16 0 15 16 0 22 16 4 23 16 0 24 16 0 25 16 0 26 16 0 27 16 0 28 16 4 29 16 0 0 17 0 1 17 0 2 17 0 3 17 0 4 17 0 5 17 4 6 17 0 7 17 0 8 17 0 9 17 0 10 17 0 11 17 4 12 17 0 13 17 2 14 17 0 15 17 0 21 17 0 22 17 0 23 17 0 24 17 0 25 17 4 26 17 0 27 17 0 28 17 0 29 17 4 0 18 0 1 18 0 2 18 4 3 18 0 4 18 0 5 18 0 6 18 0 7 18 0 8 18 4 9 18 0 10 18 0 11 18 0 12 18 0 13 18 0 14 18 0 15 18 0 21 18 0 22 18 4 23 18 4 24 18 0 25 18 0 26 18 4 27 18 0 28 18 0 29 18 0 0 19 4 1 19 0 2 19 0 3 19 0 4 19 0 5 19 0 6 19 4 7 19 0 8 19 0 9 19 0 10 19 0 11 19 0 12 19 4 13 19 0 14 19 0 21 19 4 22 19 4 23 19 0 24 19 4 25 19 0 26 19 0 27 19 0 28 19 0 29 19 0 0 20 4 1 20 0 2 20 0 3 20 0 4 20 0 5 20 0 6 20 0 7 20 0 8 20 4 9 20 0 10 20 0 11 20 0 12 20 0 13 20 0 14 20 0 21 20 0 22 20 0 23 20 0 24 20 4 25 20 0 26 20 0 27 20 0 28 20 0 29 20 0 0 21 4 1 21 0 2 21 0 3 21 0 4 21 0 5 21 0 7 21 0 8 21 0 23 21 0 24 21 0 25 21 0 26 21 0 27 21 0 28 21 4 29 21 0 0 22 0 1 22 0 2 22 0 3 22 0 25 22 0 26 22 0 27 22 4 28 22 4 29 22 0 0 23 0 1 23 0 2 23 0 3 23 0 26 23 0 27 23 0 28 23 3 29 23 0 0 24 0 1 24 0 29 24 0 
 --- Bot used 116 milliseconds ---
-----------------------------------------------------------------------------
 --- Frame #111 ---
0 10 0 1 10 0 2 10 0 0 11 4 1 11 0 2 11 4 3 11 0 5 11 0 6 11 0 7 11 0 8 11 0 26 11 2 28 11 0 29 11 0 0 12 0 1 12 4 2 12 0 3 12 0 4 12 1 5 12 0 6 12 0 7 12 0 8 12 0 13 12 0 26 12 0 27 12 0 28 12 0 29 12 0 0 13 4 1 13 4 2 13 0 3 13 0 4 13 0 5 13 0 6 13 0 7 13 4 8 13 0 9 13 0 11 13 0 12 13 0 13 13 0 24 13 0 25 13 0 26 13 0 27 13 0 28 13 0 29 13 0 0 14 0 1 14 0 2 14 0 3 14 4 4 14 0 5 14 0 6 14 0 7 14 4 8 14 0 9 14 0 10 14 1 11 14 0 12 14 4 13 14 0 24 14 0 25 14 0 26 14 0 27 14 4 28 14 0 29 14 0 0 15 0 1 15 0 2 15 0 3 15 0 4 15 4 5 15 0 6 15 0 7 15 0 8 15 0 9 15 0 10 15 4 11 15 0 12 15 0 13 15 0 14 15 0 22 15 0 23 15 0 24 15 0 25 15 0 26 15 0 27 15 0 28 15 4 29 15 0 0 16 0 1 16 0 2 16 0 3 16 4 4 16 0 5 16 0 6 16 0 7 16 0 8 16 0 9 16 4 10 16 0 11 16 0 12 16 0 13 16 0 14 16 0 15 16 0 21 16 1 22 16 0 23 16 0 24 16 0 25 16 0 26 16 0 27 16 4 28 16 0 29 16 0 0 17 0 1 17 0 2 17 0 3 17 0 4 17 4 5 17 0 6 17 0 7 17 0 8 17 0 9 17 0 10 17 4 11 17 0 12 17 0 13 17 0 14 17 4 15 17 0 21 17 0 22 17 0 23 17 0 24 17 4 25 17 0 26 17 0 27 17 0 28 17 4 29 17 0 0 18 0 1 18 4 2 18 0 3 18 0 4 18 0 5 18 0 6 18 0 7 18 4 8 18 0 9 18 0 10 18 0 11 18 0 12 18 0 13 18 2 14 18 0 15 18 0 21 18 4 22 18 4 23 18 0 24 18 0 25 18 4 26 18 0 27 18 0 28 18 0 29 18 0 0 19 0 1 19 0 2 19 0 3 19 0 4 19 0 5 19 4 6 19 0 7 19 0 8 19 0 9 19 0 10 19 0 11 19 4 12 19 0 13 19 0 14 19 0 20 19 0 21 19 4 22 19 0 23 19 4 24 19 0 25 19 0 26 19 0 27 19 0 28 19 0 29 19 4 0 20 0 1 20 0 2 20 0 3 20 0 4 20 0 5 20 4 6 20 0 7 20 4 8 20 0 9 20 0 10 20 0 11 20 0 12 20 3 13 20 0 14 20 0 21 20 0 22 20 0 23 20 4 24 20 0 25 20 0 26 20 0 27 20 0 28 20 0 29 20 4 0 21 0 1 21 0 2 21 0 3 21 0 4 21 0 5 21 0 7 21 0 8 21 0 23 21 0 24 21 0 25 21 0 26 21 0 27 21 4 28 21 0 29 21 4 0 22 0 1 22 0 2 22 0 3 22 0 25 22 0 26 22 4 27 22 4 28 22 0 29 22 0 0 23 0 1 23 0 2 23 0 3 23 0 26 23 0 27 23 0 28 23 0 29 23 0 0 24 0 1 24 3 28 24 4 29 24 0 
 --- Bot used 116 milliseconds ---
-----------------------------------------------------------------------------
 --- Frame #112 ---
0 10 0 1 10 0 2 10 0 0 11 0 1 11 4 2 11 0 3 11 0 4 11 0 5 11 0 6 11 0 7 11 0 8 11 0 26 11 0 27 11 1 28 11 0 29 11 1 0 12 4 1 12 0 2 12 0 3 12 0 4 12 0 5 12 0 6 12 0 7 12 0 8 12 0 13 12 0 26 12 0 27 12 0 28 12 0 29 12 0 0 13 4 1 13 0 2 13 0 3 13 0 4 13 0 5 13 0 6 13 4 7 13 0 8 13 0 9 13 0 10 13 0 11 13 0 12 13 0 13 13 0 24 13 0 25 13 0 26 13 0 27 13 0 28 13 0 29 13 4 0 14 0 1 14 0 2 14 4 3 14 0 4 14 0 5 14 0 6 14 4 7 14 0 8 14 0 9 14 0 10 14 0 11 14 4 12 14 0 13 14 0 24 14 0 25 14 0 26 14 4 27 14 0 28 14 0 29 14 0 0 15 0 1 15 0 2 15 0 3 15 4 4 15 0 5 15 0 6 15 0 7 15 0 8 15 0 9 15 4 10 15 0 11 15 0 12 15 0 13 15 0 14 15 0 21 15 1 22 15 0 23 15 0 24 15 0 25 15 0 26 15 0 27 15 4 28 15 0 29 15 0 0 16 0 1 16 0 2 16 4 3 16 0 4 16 0 5 16 0 6 16 0 7 16 0 8 16 4 9 16 0 10 16 0 11 16 0 12 16 0 13 16 0 14 16 0 15 16 0 21 16 0 22 16 0 23 16 0 24 16 0 25 16 0 26 16 4 27 16 0 28 16 0 29 16 0 0 17 0 1 17 0 2 17 0 3 17 4 4 17 0 5 17 0 6 17 0 7 17 0 8 17 0 9 17 4 10 17 0 11 17 0 12 17 0 13 17 2 14 17 0 15 17 0 21 17 0 22 17 0 23 17 4 24 17 0 25 17 0 26 17 0 27 17 4 28 17 0 29 17 0 0 18 4 1 18 0 2 18 0 3 18 0 4 18 0 5 18 0 6 18 4 7 18 0 8 18 0 9 18 0 10 18 0 11 18 0 12 18 4 13 18 0 14 18 4 15 18 0 20 18 4 21 18 4 22 18 0 23 18 0 24 18 4 25 18 0 26 18 0 27 18 0 28 18 0 29 18 0 0 19 0 1 19 0 2 19 0 3 19 0 4 19 4 5 19 0 6 19 0 7 19 0 8 19 0 9 19 0 10 19 4 11 19 0 12 19 0 13 19 0 14 19 0 20 19 4 21 19 0 22 19 4 23 19 0 24 19 0 25 19 0 26 19 0 27 19 0 28 19 4 29 19 0 0 20 0 1 20 0 2 20 0 3 20 0 4 20 4 5 20 0 6 20 3 7 20 0 8 20 0 9 20 0 10 20 0 11 20 0 12 20 0 13 20 0 14 20 0 21 20 0 22 20 3 23 20 0 24 20 0 25 20 0 26 20 0 27 20 0 28 20 4 29 20 0 0 21 0 1 21 0 2 21 0 3 21 0 4 21 0 5 21 0 7 21 0 8 21 0 12 21 0 23 21 0 24 21 0 25 21 0 26 21 4 27 21 0 28 21 4 29 21 0 0 22 0 1 22 0 2 22 4 3 22 0 25 22 4 26 22 4 27 22 0 28 22 0 29 22 0 0 23 0 1 23 0 2 23 0 3 23 0 26 23 0 27 23 4 28 23 0 29 23 0 0 24 0 1 24 0 27 24 3 28 24 0 29 24 0 1 25 0 
 --- Bot used 102 milliseconds ---
-----------------------------------------------------------------------------
 --- Frame #113 ---
0 10 0 1 10 1 2 10 0 27 10 0 29 10 0 0 11 4 1 11 0 2 11 0 3 11 1 4 11 0 5 11 0 6 11 0 7 11 0 8 11 0 26 11 0 27 11 0 28 11 0 29 11 0 0 12 0 1 12 0 2 12 0 3 12 0 4 12 0 5 12 0 6 12 0 7 12 0 8 12 0 13 12 0 26 12 0 27 12 0 28 12 0 29 12 4 0 13 0 1 13 0 2 13 0 3 13 0 4 13 0 5 13 4 6 13 0 7 13 0 8 13 0 9 13 0 10 13 0 11 13 0 12 13 0 13 13 0 24 13 0 25 13 0 26 13 0 27 13 0 28 13 4 29 13 4 0 14 0 1 14 4 2 14 0 3 14 0 4 14 0 5 14 4 6 14 0 7 14 0 8 14 0 9 14 0 10 14 4 11 14 0 12 14 0 13 14 0 21 14 0 24 14 0 25 14 4 26 14 0 27 14 0 28 14 0 29 14 0 0 15 0 1 15 0 2 15 4 3 15 0 4 15 0 5 15 0 6 15 0 7 15 0 8 15 4 9 15 0 10 15 0 11 15 0 12 15 0 13 15 0 14 15 0 21 15 0 22 15 0 23 15 0 24 15 0 25 15 0 26 15 4 27 15 0 28 15 0 29 15 0 0 16 0 1 16 4 2 16 0 3 16 0 4 16 0 5 16 0 6 16 0 7 16 4 8 16 0 9 16 0 10 16 0 11 16 0 12 16 0 13 16 0 14 16 0 15 16 0 21 16 0 22 16 0 23 16 0 24 16 0 25 16 4 26 16 0 27 16 0 28 16 0 29 16 0 0 17 0 1 17 0 2 17 4 3 17 0 4 17 0 5 17 0 6 17 0 7 17 0 8 17 4 9 17 0 10 17 0 11 17 0 12 17 0 13 17 0 14 17 4 15 17 0 21 17 0 22 17 4 23 17 0 24 17 0 25 17 0 26 17 4 27 17 0 28 17 0 29 17 0 0 18 0 1 18 0 2 18 0 3 18 0 4 18 0 5 18 4 6 18 0 7 18 0 8 18 0 9 18 0 10 18 0 11 18 4 12 18 0 13 18 2 14 18 0 15 18 3 19 18 4 20 18 1 21 18 0 22 18 0 23 18 4 24 18 0 25 18 0 26 18 0 27 18 0 28 18 0 29 18 4 0 19 0 1 19 0 2 19 0 3 19 4 4 19 0 5 19 0 6 19 0 7 19 0 8 19 0 9 19 4 10 19 0 11 19 0 12 19 0 13 19 0 14 19 2 19 19 0 20 19 0 21 19 4 22 19 0 23 19 0 24 19 0 25 19 0 26 19 0 27 19 4 28 19 0 29 19 0 0 20 0 1 20 0 2 20 0 3 20 4 4 20 0 5 20 0 6 20 0 7 20 0 8 20 0 9 20 0 10 20 0 11 20 0 12 20 0 13 20 0 14 20 0 21 20 4 22 20 0 23 20 0 24 20 0 25 20 0 26 20 0 27 20 4 28 20 0 29 20 0 0 21 0 1 21 0 2 21 0 3 21 4 4 21 3 5 21 0 6 21 0 7 21 0 8 21 0 12 21 0 22 21 3 23 21 0 24 21 4 25 21 4 26 21 0 27 21 4 28 21 0 29 21 0 0 22 0 1 22 4 2 22 0 3 22 2 24 22 3 25 22 0 26 22 0 27 22 0 28 22 0 29 22 0 0 23 0 1 23 4 2 23 0 3 23 0 26 23 3 27 23 0 28 23 0 29 23 0 0 24 0 1 24 0 27 24 0 28 24 0 29 24 0 1 25 0 27 25 0 
 --- Bot used 122 milliseconds ---
-----------------------------------------------------------------------------
 --- Frame #114 ---
1 9 0 0 10 0 1 10 0 2 10 0 3 10 0 27 10 0 29 10 0 0 11 0 1 11 0 2 11 0 3 11 0 4 11 0 5 11 0 6 11 0 7 11 0 8 11 0 26 11 0 27 11 0 28 11 0 29 11 4 0 12 0 1 12 0 2 12 0 3 12 0 4 12 0 5 12 0 6 12 0 7 12 0 8 12 0 13 12 0 26 12 0 27 12 0 28 12 4 29 12 0 0 13 0 1 13 0 2 13 0 3 13 0 4 13 4 5 13 0 6 13 0 7 13 0 8 13 0 9 13 0 10 13 0 11 13 0 12 13 0 13 13 0 24 13 0 25 13 1 26 13 0 27 13 4 28 13 4 29 13 0 0 14 4 1 14 0 2 14 0 3 14 0 4 14 4 5 14 0 6 14 0 7 14 0 8 14 0 9 14 4 10 14 0 11 14 0 12 14 0 13 14 0 21 14 0 24 14 4 25 14 0 26 14 0 27 14 0 28 14 0 29 14 0 0 15 0 1 15 4 2 15 0 3 15 0 4 15 0 5 15 0 6 15 0 7 15 4 8 15 0 9 15 0 10 15 0 11 15 0 12 15 0 13 15 2 14 15 0 21 15 0 22 15 0 23 15 0 24 15 0 25 15 4 26 15 0 27 15 0 28 15 0 29 15 0 0 16 4 1 16 0 2 16 0 3 16 0 4 16 0 5 16 0 6 16 4 7 16 0 8 16 0 9 16 0 10 16 0 11 16 0 12 16 4 13 16 2 14 16 0 15 16 0 21 16 0 22 16 0 23 16 0 24 16 4 25 16 0 26 16 0 27 16 0 28 16 0 29 16 0 0 17 0 1 17 4 2 17 0 3 17 0 4 17 0 5 17 0 6 17 0 7 17 4 8 17 0 9 17 0 10 17 0 11 17 0 12 17 0 13 17 2 14 17 0 15 17 0 20 17 0 21 17 4 22 17 0 23 17 0 24 17 0 25 17 4 26 17 0 27 17 0 28 17 0 29 17 0 0 18 0 1 18 0 2 18 0 3 18 0 4 18 4 5 18 0 6 18 0 7 18 0 8 18 0 9 18 0 10 18 4 11 18 0 12 18 0 13 18 0 14 18 4 15 18 0 18 18 4 19 18 0 20 18 0 21 18 0 22 18 4 23 18 0 24 18 0 25 18 0 26 18 0 27 18 0 28 18 4 29 18 0 0 19 0 1 19 0 2 19 4 3 19 0 4 19 0 5 19 0 6 19 0 7 19 0 8 19 4 9 19 0 10 19 0 11 19 0 12 19 0 13 19 0 14 19 0 15 19 3 19 19 0 20 19 4 21 19 0 22 19 0 23 19 0 24 19 0 25 19 0 26 19 4 27 19 0 28 19 0 29 19 0 0 20 0 1 20 0 2 20 4 3 20 0 4 20 0 5 20 0 6 20 0 7 20 0 8 20 0 9 20 0 10 20 0 11 20 0 12 20 0 13 20 0 14 20 0 20 20 0 21 20 0 22 20 0 23 20 0 24 20 0 25 20 0 26 20 4 27 20 0 28 20 0 29 20 0 0 21 0 1 21 0 2 21 4 3 21 0 4 21 0 5 21 0 6 21 0 7 21 0 8 21 0 12 21 0 22 21 0 23 21 0 24 21 4 25 21 0 26 21 4 27 21 0 28 21 0 29 21 0 0 22 4 1 22 0 2 22 0 3 22 0 4 22 3 22 22 0 24 22 0 25 22 0 26 22 0 27 22 0 28 22 0 29 22 0 0 23 4 1 23 0 2 23 0 3 23 0 24 23 0 26 23 0 27 23 0 28 23 0 29 23 0 0 24 0 1 24 0 26 24 0 27 24 0 28 24 0 29 24 0 1 25 0 27 25 0 
 --- Bot used 106 milliseconds ---
-----------------------------------------------------------------------------
 --- Frame #115 ---
1 9 0 0 10 0 1 10 0 2 10 0 3 10 0 27 10 0 29 10 0 0 11 0 1 11 0 2 11 0 3 11 0 4 11 0 5 11 0 6 11 0 7 11 0 8 11 0 26 11 0 27 11 0 28 11 1 29 11 0 0 12 0 1 12 0 2 12 0 3 12 4 4 12 0 5 12 4 6 12 0 7 12 4 8 12 0 13 12 0 25 12 0 26 12 0 27 12 4 28 12 0 29 12 0 0 13 0 1 13 0 2 13 0 3 13 4 4 13 0 5 13 0 6 13 0 7 13 0 8 13 0 9 13 0 10 13 0 11 13 0 12 13 0 13 13 0 24 13 0 25 13 0 26 13 4 27 13 4 28 13 0 29 13 0 0 14 0 1 14 0 2 14 0 3 14 4 4 14 0 5 14 0 6 14 0 7 14 0 8 14 4 9 14 0 10 14 0 11 14 0 12 14 0 13 14 0 21 14 0 23 14 4 24 14 0 25 14 0 26 14 0 27 14 0 28 14 0 29 14 4 0 15 4 1 15 0 2 15 0 3 15 0 4 15 0 5 15 0 6 15 4 7 15 0 8 15 0 9 15 0 10 15 0 11 15 0 12 15 4 13 15 0 14 15 1 21 15 0 22 15 0 23 15 4 24 15 4 25 15 0 26 15 0 27 15 0 28 15 0 29 15 0 0 16 0 1 16 0 2 16 0 3 16 0 4 16 0 5 16 4 6 16 0 7 16 0 8 16 0 9 16 0 10 16 0 11 16 4 12 16 0 13 16 0 14 16 4 15 16 0 21 16 0 22 16 0 23 16 4 24 16 0 25 16 0 26 16 0 27 16 0 28 16 0 29 16 4 0 17 4 1 17 0 2 17 0 3 17 0 4 17 0 5 17 0 6 17 4 7 17 0 8 17 0 9 17 0 10 17 0 11 17 0 12 17 4 13 17 0 14 17 4 15 17 2 20 17 4 21 17 0 22 17 0 23 17 0 24 17 4 25 17 0 26 17 0 27 17 0 28 17 0 29 17 0 0 18 0 1 18 0 2 18 0 3 18 4 4 18 0 5 18 0 6 18 0 7 18 0 8 18 0 9 18 4 10 18 0 11 18 0 12 18 0 13 18 2 14 18 0 15 18 0 17 18 0 18 18 0 19 18 0 20 18 0 21 18 4 22 18 0 23 18 0 24 18 0 25 18 0 26 18 0 27 18 4 28 18 0 29 18 0 0 19 0 1 19 4 2 19 0 3 19 0 4 19 0 5 19 0 6 19 0 7 19 4 8 19 0 9 19 0 10 19 0 11 19 0 12 19 0 13 19 2 14 19 0 15 19 0 19 19 4 20 19 0 21 19 0 22 19 0 23 19 0 24 19 0 25 19 4 26 19 0 27 19 0 28 19 0 29 19 0 0 20 0 1 20 4 2 20 0 3 20 0 4 20 0 5 20 0 6 20 0 7 20 0 8 20 0 9 20 0 10 20 0 11 20 0 12 20 0 13 20 0 14 20 0 15 20 0 20 20 0 21 20 0 22 20 0 23 20 0 24 20 0 25 20 4 26 20 0 27 20 0 28 20 0 29 20 0 0 21 0 1 21 4 2 21 0 3 21 0 4 21 0 5 21 0 6 21 0 7 21 0 8 21 0 12 21 0 22 21 0 23 21 3 24 21 0 25 21 4 26 21 0 27 21 0 28 21 0 29 21 0 0 22 0 1 22 0 2 22 0 3 22 0 4 22 0 22 22 0 24 22 0 25 22 0 26 22 0 27 22 0 28 22 0 29 22 4 0 23 0 1 23 0 2 23 3 3 23 3 4 23 0 24 23 0 26 23 0 27 23 0 28 23 0 29 23 4 0 24 3 1 24 0 26 24 0 27 24 0 28 24 0 29 24 0 1 25 0 27 25 0 
 --- Bot used 127 milliseconds ---
-----------------------------------------------------------------------------
 --- Frame #116 ---
1 9 0 0 10 1 1 10 0 2 10 0 3 10 0 27 10 0 28 10 0 29 10 0 0 11 0 1 11 0 2 11 0 3 11 0 4 11 0 5 11 0 6 11 0 7 11 0 8 11 0 26 11 0 27 11 0 28 11 0 29 11 0 0 12 0 1 12 0 2 12 4 3 12 0 4 12 4 5 12 0 6 12 4 7 12 0 8 12 0 13 12 0 25 12 0 26 12 4 27 12 0 28 12 0 29 12 0 0 13 0 1 13 0 2 13 4 3 13 0 4 13 0 5 13 0 6 13 0 7 13 0 8 13 4 9 13 0 10 13 0 11 13 0 12 13 0 13 13 0 24 13 0 25 13 4 26 13 4 27 13 0 28 13 0 29 13 0 0 14 0 1 14 0 2 14 4 3 14 0 4 14 0 5 14 0 6 14 0 7 14 4 8 14 0 9 14 0 10 14 0 11 14 0 12 14 0 13 14 2 14 14 0 21 14 0 22 14 0 23 14 0 24 14 0 25 14 0 26 14 0 27 14 0 28 14 4 29 14 0 0 15 0 1 15 0 2 15 0 3 15 0 4 15 0 5 15 4 6 15 0 7 15 0 8 15 0 9 15 0 10 15 0 11 15 4 12 15 0 13 15 0 14 15 0 21 15 0 22 15 4 23 15 4 24 15 0 25 15 0 26 15 0 27 15 0 28 15 0 29 15 4 0 16 0 1 16 0 2 16 0 3 16 0 4 16 4 5 16 0 6 16 0 7 16 0 8 16 0 9 16 0 10 16 4 11 16 0 12 16 0 13 16 2 14 16 0 15 16 0 21 16 0 22 16 4 23 16 0 24 16 0 25 16 0 26 16 0 27 16 0 28 16 4 29 16 0 0 17 0 1 17 0 2 17 0 3 17 0 4 17 0 5 17 4 6 17 0 7 17 0 8 17 0 9 17 0 10 17 0 11 17 4 12 17 0 13 17 2 14 17 0 15 17 0 16 17 0 19 17 4 20 17 0 21 17 0 22 17 0 23 17 4 24 17 0 25 17 0 26 17 0 27 17 0 28 17 0 29 17 4 0 18 0 1 18 0 2 18 4 3 18 0 4 18 0 5 18 0 6 18 0 7 18 0 8 18 4 9 18 0 10 18 0 11 18 0 12 18 0 13 18 0 14 18 2 15 18 0 17 18 0 18 18 0 19 18 0 20 18 4 21 18 0 22 18 0 23 18 0 24 18 0 25 18 0 26 18 4 27 18 0 28 18 0 29 18 0 0 19 4 1 19 0 2 19 0 3 19 0 4 19 0 5 19 0 6 19 4 7 19 0 8 19 0 9 19 0 10 19 0 11 19 0 12 19 4 13 19 0 14 19 2 15 19 0 18 19 4 19 19 0 20 19 0 21 19 0 22 19 0 23 19 0 24 19 4 25 19 0 26 19 0 27 19 0 28 19 0 29 19 0 0 20 4 1 20 0 2 20 0 3 20 0 4 20 0 5 20 0 6 20 0 7 20 0 8 20 4 9 20 0 10 20 0 11 20 0 12 20 0 13 20 0 14 20 0 15 20 0 20 20 0 21 20 0 22 20 0 23 20 0 24 20 4 25 20 0 26 20 0 27 20 0 28 20 0 29 20 0 0 21 4 1 21 0 2 21 0 3 21 0 4 21 0 5 21 0 6 21 0 7 21 0 8 21 0 12 21 0 22 21 0 23 21 0 24 21 4 25 21 0 26 21 0 27 21 0 28 21 0 29 21 0 0 22 0 1 22 0 2 22 0 3 22 0 4 22 0 22 22 0 23 22 3 24 22 0 25 22 0 26 22 0 27 22 0 28 22 4 29 22 0 0 23 0 1 23 0 2 23 0 3 23 0 4 23 0 24 23 0 26 23 0 27 23 0 28 23 4 29 23 0 0 24 0 1 24 0 2 24 0 3 24 0 26 24 0 27 24 0 28 24 0 29 24 3 0 25 0 1 25 0 27 25 0 
 --- Bot used 151 milliseconds ---
-----------------------------------------------------------------------------
 --- Frame #117 ---
0 9 0 1 9 0 0 10 0 1 10 0 2 10 0 3 10 0 27 10 0 28 10 0 29 10 0 0 11 0 1 11 0 2 11 4 3 11 0 4 11 0 5 11 0 6 11 0 7 11 0 8 11 0 26 11 0 27 11 0 28 11 0 29 11 0 0 12 0 1 12 4 2 12 0 3 12 4 4 12 0 5 12 4 6 12 0 7 12 0 8 12 0 13 12 0 25 12 4 26 12 0 27 12 0 28 12 0 29 12 0 0 13 0 1 13 4 2 13 0 3 13 0 4 13 0 5 13 0 6 13 0 7 13 4 8 13 0 9 13 0 10 13 0 11 13 0 12 13 1 13 13 0 24 13 4 25 13 4 26 13 0 27 13 0 28 13 0 29 13 0 0 14 0 1 14 4 2 14 0 3 14 0 4 14 0 5 14 0 6 14 4 7 14 0 8 14 0 9 14 0 10 14 0 11 14 0 12 14 4 13 14 0 14 14 0 21 14 0 22 14 0 23 14 0 24 14 0 25 14 0 26 14 0 27 14 4 28 14 0 29 14 0 0 15 0 1 15 0 2 15 0 3 15 0 4 15 4 5 15 0 6 15 0 7 15 0 8 15 0 9 15 0 10 15 4 11 15 0 12 15 0 13 15 0 14 15 0 21 15 4 22 15 4 23 15 0 24 15 0 25 15 0 26 15 0 27 15 0 28 15 4 29 15 0 0 16 0 1 16 0 2 16 0 3 16 4 4 16 0 5 16 0 6 16 0 7 16 0 8 16 0 9 16 4 10 16 0 11 16 0 12 16 0 13 16 0 14 16 2 15 16 0 21 16 4 22 16 0 23 16 0 24 16 0 25 16 0 26 16 0 27 16 4 28 16 0 29 16 0 0 17 0 1 17 0 2 17 0 3 17 0 4 17 4 5 17 0 6 17 0 7 17 0 8 17 0 9 17 0 10 17 4 11 17 0 12 17 0 13 17 0 14 17 2 15 17 0 16 17 0 18 17 4 19 17 0 20 17 0 21 17 0 22 17 4 23 17 0 24 17 0 25 17 0 26 17 0 27 17 0 28 17 4 29 17 0 0 18 0 1 18 4 2 18 0 3 18 0 4 18 0 5 18 0 6 18 0 7 18 4 8 18 0 9 18 0 10 18 0 11 18 0 12 18 0 13 18 0 14 18 0 15 18 2 17 18 0 18 18 0 19 18 4 20 18 0 21 18 0 22 18 0 23 18 0 24 18 0 25 18 4 26 18 0 27 18 0 28 18 0 29 18 0 0 19 0 1 19 0 2 19 0 3 19 0 4 19 0 5 19 4 6 19 0 7 19 0 8 19 0 9 19 0 10 19 0 11 19 4 12 19 0 13 19 0 14 19 0 15 19 0 17 19 4 18 19 0 19 19 0 20 19 0 21 19 0 22 19 0 23 19 4 24 19 0 25 19 0 26 19 0 27 19 0 28 19 0 29 19 4 0 20 0 1 20 0 2 20 0 3 20 0 4 20 0 5 20 4 6 20 0 7 20 4 8 20 0 9 20 0 10 20 0 11 20 0 12 20 4 13 20 3 14 20 0 15 20 0 20 20 0 21 20 0 22 20 0 23 20 4 24 20 0 25 20 0 26 20 0 27 20 0 28 20 0 29 20 4 0 21 0 1 21 0 2 21 0 3 21 0 4 21 0 5 21 0 6 21 0 7 21 0 8 21 0 12 21 0 22 21 0 23 21 4 24 21 0 25 21 0 26 21 0 27 21 0 28 21 0 29 21 4 0 22 0 1 22 0 2 22 0 3 22 0 4 22 0 22 22 0 23 22 0 24 22 0 25 22 0 26 22 0 27 22 4 28 22 0 29 22 0 0 23 0 1 23 0 2 23 0 3 23 0 4 23 0 23 23 0 24 23 0 26 23 0 27 23 4 28 23 0 29 23 0 0 24 0 1 24 4 2 24 0 3 24 0 26 24 0 27 24 0 28 24 0 29 24 0 0 25 0 1 25 0 27 25 0 29 25 0 
 --- Bot used 141 milliseconds ---
-----------------------------------------------------------------------------
 --- Frame #118 ---
Traceback (most recent call last):
 --- Bot used 246 milliseconds ---
ERRORED!
Response received (if any):
Traceback (most recent call last):
 --- Bot was killed. Below is the rest of its output (if any): ---
  File "MyBot.py", line 97, in <module>
    moves.append(move(location))
  File "MyBot.py", line 85, in move
    return move_towards_location(location, closest_loc)
  File "MyBot.py", line 15, in move_towards_location
    if stop.x > start.x:
AttributeError: 'NoneType' object has no attribute 'x'

 --- End bot output ---